<?xml version="1.0" encoding="UTF-8"?>
<!-- Generated by org.testng.reporters.JUnitXMLReporter -->
<testsuite ignored="0" hostname="Laptop-2991" failures="0" tests="3" name="CategoryTest" time="87.882" errors="0" timestamp="2025-03-07T16:19:15 IST">
  <testcase classname="Unifyed.Unifyed_Engage.Category_Test" name="categoryCreate" time="51.638"/>
  <testcase classname="Unifyed.Unifyed_Engage.Category_Test" name="categoryEdit" time="17.396"/>
  <testcase classname="Unifyed.Unifyed_Engage.Category_Test" name="categoryDelete" time="4.919"/>
</testsuite> <!-- CategoryTest -->
