<?xml version="1.0" encoding="UTF-8"?>
<!-- Generated by org.testng.reporters.JUnitXMLReporter -->
<testsuite ignored="0" hostname="Laptop-2991" failures="0" tests="3" name="CategoryTest" time="100.592" errors="0" timestamp="2023-11-08T08:58:32 EST">
  <testcase classname="Unifyed.Unifyed_Engage.Category_Test" name="categoryCreate" time="68.383"/>
  <testcase classname="Unifyed.Unifyed_Engage.Category_Test" name="categoryEdit" time="17.743"/>
  <testcase classname="Unifyed.Unifyed_Engage.Category_Test" name="categoryDelete" time="4.549"/>
</testsuite> <!-- CategoryTest -->
