<?xml version="1.0" encoding="UTF-8"?>
<testng-results ignored="0" total="1" passed="1" failed="0" skipped="0">
  <reporter-output>
  </reporter-output>
  <suite started-at="2023-10-30T06:21:42 EDT" name="LoginLogoutSuite" finished-at="2023-10-30T06:22:44 EDT" duration-ms="61518">
    <groups>
    </groups>
    <test started-at="2023-10-30T06:21:42 EDT" name="CategoryTest" finished-at="2023-10-30T06:22:44 EDT" duration-ms="61518">
      <class name="Unifyed.Unifyed_Engage.LoginLogoutTest">
        <test-method is-config="true" signature="launchAppMethod()[pri:0, instance:Unifyed.Unifyed_Engage.LoginLogoutTest@2445445a]" started-at="2023-10-30T06:21:42 EDT" name="launchAppMethod" finished-at="2023-10-30T06:21:53 EDT" duration-ms="10830" status="PASS">
          <reporter-output>
          </reporter-output>
        </test-method> <!-- launchAppMethod -->
        <test-method signature="LoginLogoutMethod()[pri:1, instance:Unifyed.Unifyed_Engage.LoginLogoutTest@2445445a]" started-at="2023-10-30T06:21:53 EDT" name="LoginLogoutMethod" finished-at="2023-10-30T06:22:43 EDT" duration-ms="49778" status="PASS">
          <reporter-output>
          </reporter-output>
        </test-method> <!-- LoginLogoutMethod -->
        <test-method is-config="true" signature="driveClose()[pri:0, instance:Unifyed.Unifyed_Engage.LoginLogoutTest@2445445a]" started-at="2023-10-30T06:22:43 EDT" name="driveClose" finished-at="2023-10-30T06:22:44 EDT" duration-ms="852" status="PASS">
          <reporter-output>
          </reporter-output>
        </test-method> <!-- driveClose -->
      </class> <!-- Unifyed.Unifyed_Engage.LoginLogoutTest -->
    </test> <!-- CategoryTest -->
  </suite> <!-- LoginLogoutSuite -->
</testng-results>
