<?xml version="1.0" encoding="UTF-8"?>
<testsuite xmlns:xsi="http://www.w3.org/2001/XMLSchema-instance" xsi:noNamespaceSchemaLocation="https://maven.apache.org/surefire/maven-surefire-plugin/xsd/surefire-test-report.xsd" name="TestSuite" time="281.361" tests="57" errors="0" skipped="36" failures="18">
  <properties>
[...]
</properties>
  <testcase name="categoryCreate" classname="Unifyed.Unifyed_Engage.Category_Test" time="0">
    <skipped message="Build info: version: &apos;4.10.0&apos;, revision: &apos;c14d967899&apos;&#10;System info: os.name: &apos;Windows 10&apos;, os.arch: &apos;amd64&apos;, os.version: &apos;10.0&apos;, java.version: &apos;11.0.11&apos;&#10;Driver info: org.openqa.selenium.chrome.ChromeDriver&#10;Command: [ab46c66fd055673dad01188e433e5811101b1a05, clickElement {id=node-484734BD-4494-439D-9C4A-3ACDEACAAEF4}]&#10;Capabilities {acceptInsecureCerts: false, browserName: Safari, browserVersion: 13.1.3, optimalHubUrl: hub-aps.browserstack.com, platformName: mac, safari:automaticInspection: false, safari:automaticProfiling: false, safari:diagnose: false, safari:platformBuildVersion: 19H15, safari:platformVersion: 10.15.7, safari:useSimulator: false, setWindowRect: true, strictFileInteractability: false, webdriver.remote.sessionid: ab46c66fd055673dad01188e433..., webkit:WebRTC: {DisableICECandidateFiltering: false, DisableInsecureMediaCapture: false}}&#10;Element: [[ChromeDriver: Safari on mac (ab46c66fd055673dad01188e433e5811101b1a05)] -&gt; xpath: //div[@id=&apos;addToggleMode&apos;]/img]&#10;Session ID: ab46c66fd055673dad01188e433e5811101b1a05"/>
    <system-out><![CDATA[09:56:25.307 [main] WARN org.testng.internal.Configuration - Detected a static method [Unifyed.Unifyed_Engage.TestComponents.BaseClass.launchAppMethod()]. Static configuration methods can cause  unexpected behavior.
09:56:25.326 [main] WARN org.testng.internal.Configuration - Detected a static method [Unifyed.Unifyed_Engage.TestComponents.BaseClass.launchAppMethod()]. Static configuration methods can cause  unexpected behavior.
09:56:25.336 [main] WARN org.testng.internal.Configuration - Detected a static method [Unifyed.Unifyed_Engage.TestComponents.BaseClass.launchAppMethod()]. Static configuration methods can cause  unexpected behavior.
09:56:25.391 [main] WARN org.testng.internal.Configuration - Detected a static method [Unifyed.Unifyed_Engage.TestComponents.BaseClass.launchAppMethod()]. Static configuration methods can cause  unexpected behavior.
09:56:25.401 [main] WARN org.testng.internal.Configuration - Detected a static method [Unifyed.Unifyed_Engage.TestComponents.BaseClass.launchAppMethod()]. Static configuration methods can cause  unexpected behavior.
09:56:25.408 [main] WARN org.testng.internal.Configuration - Detected a static method [Unifyed.Unifyed_Engage.TestComponents.BaseClass.launchAppMethod()]. Static configuration methods can cause  unexpected behavior.
09:56:25.425 [main] WARN org.testng.internal.Configuration - Detected a static method [Unifyed.Unifyed_Engage.TestComponents.BaseClass.launchAppMethod()]. Static configuration methods can cause  unexpected behavior.
09:56:25.431 [main] WARN org.testng.internal.Configuration - Detected a static method [Unifyed.Unifyed_Engage.TestComponents.BaseClass.launchAppMethod()]. Static configuration methods can cause  unexpected behavior.
09:56:25.437 [main] WARN org.testng.internal.Configuration - Detected a static method [Unifyed.Unifyed_Engage.TestComponents.BaseClass.launchAppMethod()]. Static configuration methods can cause  unexpected behavior.
09:56:29.402 [launchAppMethod@2] INFO io.github.bonigarcia.wdm.WebDriverManager - Using chromedriver 120.0.6099.109 (resolved driver for Chrome 120)
09:56:29.411 [launchAppMethod@1] INFO io.github.bonigarcia.wdm.WebDriverManager - Using chromedriver 120.0.6099.109 (resolved driver for Chrome 120)
09:56:29.419 [launchAppMethod@0] INFO io.github.bonigarcia.wdm.WebDriverManager - Using chromedriver 120.0.6099.109 (resolved driver for Chrome 120)
09:56:29.441 [launchAppMethod@2] INFO io.github.bonigarcia.wdm.WebDriverManager - Exporting webdriver.chrome.driver as C:\Users\philip_parker\.cache\selenium\chromedriver\win64\120.0.6099.109\chromedriver.exe
09:56:29.445 [launchAppMethod@1] INFO io.github.bonigarcia.wdm.WebDriverManager - Exporting webdriver.chrome.driver as C:\Users\philip_parker\.cache\selenium\chromedriver\win64\120.0.6099.109\chromedriver.exe
09:56:29.453 [launchAppMethod@0] INFO io.github.bonigarcia.wdm.WebDriverManager - Exporting webdriver.chrome.driver as C:\Users\philip_parker\.cache\selenium\chromedriver\win64\120.0.6099.109\chromedriver.exe
]]></system-out>
    <system-err><![CDATA[Jan 11, 2024 9:56:29 AM org.openqa.selenium.remote.service.DriverService$Builder getLogOutput
INFO: Driver logs no longer sent to console by default; https://www.selenium.dev/documentation/webdriver/drivers/service/#setting-log-output
Jan 11, 2024 9:56:29 AM org.openqa.selenium.remote.service.DriverService$Builder getLogOutput
INFO: Driver logs no longer sent to console by default; https://www.selenium.dev/documentation/webdriver/drivers/service/#setting-log-output
Jan 11, 2024 9:56:29 AM org.openqa.selenium.remote.service.DriverService$Builder getLogOutput
INFO: Driver logs no longer sent to console by default; https://www.selenium.dev/documentation/webdriver/drivers/service/#setting-log-output
Jan 11, 2024 9:56:39 AM org.openqa.selenium.devtools.CdpVersionFinder findNearestMatch
WARNING: Unable to find CDP implementation matching 13
Jan 11, 2024 9:56:39 AM org.openqa.selenium.chromium.ChromiumDriver lambda$new$4
WARNING: Unable to find version of CDP to use for . You may need to include a dependency on a specific version of the CDP using something similar to `org.seleniumhq.selenium:selenium-devtools-v86:4.10.0` where the version ("v86") matches the version of the chromium-based browser you're using and the version number of the artifact is the same as Selenium's.
Jan 11, 2024 9:56:48 AM org.openqa.selenium.devtools.CdpVersionFinder findNearestMatch
WARNING: Unable to find CDP implementation matching 99
Jan 11, 2024 9:56:48 AM org.openqa.selenium.chromium.ChromiumDriver lambda$new$4
WARNING: Unable to find version of CDP to use for . You may need to include a dependency on a specific version of the CDP using something similar to `org.seleniumhq.selenium:selenium-devtools-v86:4.10.0` where the version ("v86") matches the version of the chromium-based browser you're using and the version number of the artifact is the same as Selenium's.
Jan 11, 2024 9:56:49 AM org.openqa.selenium.devtools.CdpEndpointFinder getCdpEndPoint
WARNING: Unable to connect to determine websocket url: java.net.ConnectException: Connection refused: no further information: localhost/0:0:0:0:0:0:0:1:9222
Jan 11, 2024 9:56:49 AM org.openqa.selenium.devtools.CdpVersionFinder findNearestMatch
WARNING: Unable to find CDP implementation matching 103
Jan 11, 2024 9:56:49 AM org.openqa.selenium.chromium.ChromiumDriver lambda$new$4
WARNING: Unable to find version of CDP to use for . You may need to include a dependency on a specific version of the CDP using something similar to `org.seleniumhq.selenium:selenium-devtools-v86:4.10.0` where the version ("v86") matches the version of the chromium-based browser you're using and the version number of the artifact is the same as Selenium's.
]]></system-err>
  </testcase>
  <testcase name="categoryCreate" classname="Unifyed.Unifyed_Engage.Category_Test" time="0">
    <skipped message="Element &lt;img src=&quot;https://staticfiles.unifyed.com/images/menu.png&quot;&gt; could not be scrolled into view&#10;Build info: version: &apos;4.10.0&apos;, revision: &apos;c14d967899&apos;&#10;System info: os.name: &apos;Windows 10&apos;, os.arch: &apos;amd64&apos;, os.version: &apos;10.0&apos;, java.version: &apos;11.0.11&apos;&#10;Driver info: org.openqa.selenium.chrome.ChromeDriver&#10;Command: [76dbb1d1fb352a4a0bdf2b6b3a9f99ae18dd293b, clickElement {id=d322dbb7-e6b8-48de-9779-54105d64eb07}]&#10;Capabilities {acceptInsecureCerts: true, browserName: firefox, browserVersion: 99.0, moz:accessibilityChecks: false, moz:buildID: 20220330194208, moz:geckodriverVersion: 0.31.0, moz:headless: false, moz:processID: 4776, moz:profile: C:\Windows\proxy\rust_mozpr..., moz:shutdownTimeout: 60000, moz:useNonSpecCompliantPointerOrigin: false, moz:webdriverClick: true, optimalHubUrl: hub-aps.browserstack.com, pageLoadStrategy: normal, platformName: windows, platformVersion: 10.0, proxy: Proxy(), setWindowRect: true, strictFileInteractability: false, timeouts: {implicit: 0, pageLoad: 300000, script: 30000}, unhandledPromptBehavior: dismiss and notify, webdriver.remote.sessionid: 76dbb1d1fb352a4a0bdf2b6b3a9...}&#10;Element: [[ChromeDriver: firefox on windows (76dbb1d1fb352a4a0bdf2b6b3a9f99ae18dd293b)] -&gt; xpath: //div[@id=&apos;addToggleMode&apos;]/img]&#10;Session ID: 76dbb1d1fb352a4a0bdf2b6b3a9f99ae18dd293b"/>
  </testcase>
  <testcase name="categoryCreate" classname="Unifyed.Unifyed_Engage.Category_Test" time="0">
    <skipped message="Element &lt;button class=&quot;btn btn-primary&quot; type=&quot;button&quot;&gt; could not be scrolled into view&#10;Build info: version: &apos;4.10.0&apos;, revision: &apos;c14d967899&apos;&#10;System info: os.name: &apos;Windows 10&apos;, os.arch: &apos;amd64&apos;, os.version: &apos;10.0&apos;, java.version: &apos;11.0.11&apos;&#10;Driver info: org.openqa.selenium.chrome.ChromeDriver&#10;Command: [76dbb1d1fb352a4a0bdf2b6b3a9f99ae18dd293b, clickElement {id=a583563a-4c6a-43cc-b38c-6eaa7a851d01}]&#10;Capabilities {acceptInsecureCerts: true, browserName: firefox, browserVersion: 99.0, moz:accessibilityChecks: false, moz:buildID: 20220330194208, moz:geckodriverVersion: 0.31.0, moz:headless: false, moz:processID: 4776, moz:profile: C:\Windows\proxy\rust_mozpr..., moz:shutdownTimeout: 60000, moz:useNonSpecCompliantPointerOrigin: false, moz:webdriverClick: true, optimalHubUrl: hub-aps.browserstack.com, pageLoadStrategy: normal, platformName: windows, platformVersion: 10.0, proxy: Proxy(), setWindowRect: true, strictFileInteractability: false, timeouts: {implicit: 0, pageLoad: 300000, script: 30000}, unhandledPromptBehavior: dismiss and notify, webdriver.remote.sessionid: 76dbb1d1fb352a4a0bdf2b6b3a9...}&#10;Element: [[ChromeDriver: firefox on windows (76dbb1d1fb352a4a0bdf2b6b3a9f99ae18dd293b)] -&gt; xpath: //div[contains(@class, &apos;profile&apos;)]//button[@class=&apos;btn btn-primary&apos;]]&#10;Session ID: 76dbb1d1fb352a4a0bdf2b6b3a9f99ae18dd293b"/>
  </testcase>
  <testcase name="categoryCreate" classname="Unifyed.Unifyed_Engage.Category_Test" time="0">
    <skipped message="Build info: version: &apos;4.10.0&apos;, revision: &apos;c14d967899&apos;&#10;System info: os.name: &apos;Windows 10&apos;, os.arch: &apos;amd64&apos;, os.version: &apos;10.0&apos;, java.version: &apos;11.0.11&apos;&#10;Driver info: org.openqa.selenium.chrome.ChromeDriver&#10;Command: [ab46c66fd055673dad01188e433e5811101b1a05, clickElement {id=node-19B0BE4E-2E10-4CF0-9B55-5EF2313B9706}]&#10;Capabilities {acceptInsecureCerts: false, browserName: Safari, browserVersion: 13.1.3, optimalHubUrl: hub-aps.browserstack.com, platformName: mac, safari:automaticInspection: false, safari:automaticProfiling: false, safari:diagnose: false, safari:platformBuildVersion: 19H15, safari:platformVersion: 10.15.7, safari:useSimulator: false, setWindowRect: true, strictFileInteractability: false, webdriver.remote.sessionid: ab46c66fd055673dad01188e433..., webkit:WebRTC: {DisableICECandidateFiltering: false, DisableInsecureMediaCapture: false}}&#10;Element: [[ChromeDriver: Safari on mac (ab46c66fd055673dad01188e433e5811101b1a05)] -&gt; xpath: //div[contains(@class, &apos;profile&apos;)]//button[@class=&apos;btn btn-primary&apos;]]&#10;Session ID: ab46c66fd055673dad01188e433e5811101b1a05"/>
  </testcase>
  <testcase name="categoryCreate" classname="Unifyed.Unifyed_Engage.Category_Test" time="0.504">
    <failure message="Build info: version: &apos;4.10.0&apos;, revision: &apos;c14d967899&apos;&#10;System info: os.name: &apos;Windows 10&apos;, os.arch: &apos;amd64&apos;, os.version: &apos;10.0&apos;, java.version: &apos;11.0.11&apos;&#10;Driver info: org.openqa.selenium.chrome.ChromeDriver&#10;Command: [ab46c66fd055673dad01188e433e5811101b1a05, clickElement {id=node-19B0BE4E-2E10-4CF0-9B55-5EF2313B9706}]&#10;Capabilities {acceptInsecureCerts: false, browserName: Safari, browserVersion: 13.1.3, optimalHubUrl: hub-aps.browserstack.com, platformName: mac, safari:automaticInspection: false, safari:automaticProfiling: false, safari:diagnose: false, safari:platformBuildVersion: 19H15, safari:platformVersion: 10.15.7, safari:useSimulator: false, setWindowRect: true, strictFileInteractability: false, webdriver.remote.sessionid: ab46c66fd055673dad01188e433..., webkit:WebRTC: {DisableICECandidateFiltering: false, DisableInsecureMediaCapture: false}}&#10;Element: [[ChromeDriver: Safari on mac (ab46c66fd055673dad01188e433e5811101b1a05)] -&gt; xpath: //div[contains(@class, &apos;profile&apos;)]//button[@class=&apos;btn btn-primary&apos;]]&#10;Session ID: ab46c66fd055673dad01188e433e5811101b1a05" type="org.openqa.selenium.ElementNotInteractableException">org.openqa.selenium.ElementNotInteractableException: 
Build info: version: '4.10.0', revision: 'c14d967899'
System info: os.name: 'Windows 10', os.arch: 'amd64', os.version: '10.0', java.version: '11.0.11'
Driver info: org.openqa.selenium.chrome.ChromeDriver
Command: [ab46c66fd055673dad01188e433e5811101b1a05, clickElement {id=node-19B0BE4E-2E10-4CF0-9B55-5EF2313B9706}]
Capabilities {acceptInsecureCerts: false, browserName: Safari, browserVersion: 13.1.3, optimalHubUrl: hub-aps.browserstack.com, platformName: mac, safari:automaticInspection: false, safari:automaticProfiling: false, safari:diagnose: false, safari:platformBuildVersion: 19H15, safari:platformVersion: 10.15.7, safari:useSimulator: false, setWindowRect: true, strictFileInteractability: false, webdriver.remote.sessionid: ab46c66fd055673dad01188e433..., webkit:WebRTC: {DisableICECandidateFiltering: false, DisableInsecureMediaCapture: false}}
Element: [[ChromeDriver: Safari on mac (ab46c66fd055673dad01188e433e5811101b1a05)] -> xpath: //div[contains(@class, 'profile')]//button[@class='btn btn-primary']]
Session ID: ab46c66fd055673dad01188e433e5811101b1a05
	at Unifyed.Unifyed_Engage.Category_Test.categoryCreate(Category_Test.java:39)
</failure>
  </testcase>
  <testcase name="categoryCreate" classname="Unifyed.Unifyed_Engage.Category_Test" time="0.284">
    <failure message="Element &lt;button class=&quot;btn btn-primary&quot; type=&quot;button&quot;&gt; could not be scrolled into view&#10;Build info: version: &apos;4.10.0&apos;, revision: &apos;c14d967899&apos;&#10;System info: os.name: &apos;Windows 10&apos;, os.arch: &apos;amd64&apos;, os.version: &apos;10.0&apos;, java.version: &apos;11.0.11&apos;&#10;Driver info: org.openqa.selenium.chrome.ChromeDriver&#10;Command: [76dbb1d1fb352a4a0bdf2b6b3a9f99ae18dd293b, clickElement {id=a583563a-4c6a-43cc-b38c-6eaa7a851d01}]&#10;Capabilities {acceptInsecureCerts: true, browserName: firefox, browserVersion: 99.0, moz:accessibilityChecks: false, moz:buildID: 20220330194208, moz:geckodriverVersion: 0.31.0, moz:headless: false, moz:processID: 4776, moz:profile: C:\Windows\proxy\rust_mozpr..., moz:shutdownTimeout: 60000, moz:useNonSpecCompliantPointerOrigin: false, moz:webdriverClick: true, optimalHubUrl: hub-aps.browserstack.com, pageLoadStrategy: normal, platformName: windows, platformVersion: 10.0, proxy: Proxy(), setWindowRect: true, strictFileInteractability: false, timeouts: {implicit: 0, pageLoad: 300000, script: 30000}, unhandledPromptBehavior: dismiss and notify, webdriver.remote.sessionid: 76dbb1d1fb352a4a0bdf2b6b3a9...}&#10;Element: [[ChromeDriver: firefox on windows (76dbb1d1fb352a4a0bdf2b6b3a9f99ae18dd293b)] -&gt; xpath: //div[contains(@class, &apos;profile&apos;)]//button[@class=&apos;btn btn-primary&apos;]]&#10;Session ID: 76dbb1d1fb352a4a0bdf2b6b3a9f99ae18dd293b" type="org.openqa.selenium.ElementNotInteractableException"><![CDATA[org.openqa.selenium.ElementNotInteractableException: 
Element <button class="btn btn-primary" type="button"> could not be scrolled into view
Build info: version: '4.10.0', revision: 'c14d967899'
System info: os.name: 'Windows 10', os.arch: 'amd64', os.version: '10.0', java.version: '11.0.11'
Driver info: org.openqa.selenium.chrome.ChromeDriver
Command: [76dbb1d1fb352a4a0bdf2b6b3a9f99ae18dd293b, clickElement {id=a583563a-4c6a-43cc-b38c-6eaa7a851d01}]
Capabilities {acceptInsecureCerts: true, browserName: firefox, browserVersion: 99.0, moz:accessibilityChecks: false, moz:buildID: 20220330194208, moz:geckodriverVersion: 0.31.0, moz:headless: false, moz:processID: 4776, moz:profile: C:\Windows\proxy\rust_mozpr..., moz:shutdownTimeout: 60000, moz:useNonSpecCompliantPointerOrigin: false, moz:webdriverClick: true, optimalHubUrl: hub-aps.browserstack.com, pageLoadStrategy: normal, platformName: windows, platformVersion: 10.0, proxy: Proxy(), setWindowRect: true, strictFileInteractability: false, timeouts: {implicit: 0, pageLoad: 300000, script: 30000}, unhandledPromptBehavior: dismiss and notify, webdriver.remote.sessionid: 76dbb1d1fb352a4a0bdf2b6b3a9...}
Element: [[ChromeDriver: firefox on windows (76dbb1d1fb352a4a0bdf2b6b3a9f99ae18dd293b)] -> xpath: //div[contains(@class, 'profile')]//button[@class='btn btn-primary']]
Session ID: 76dbb1d1fb352a4a0bdf2b6b3a9f99ae18dd293b
	at Unifyed.Unifyed_Engage.Category_Test.categoryCreate(Category_Test.java:39)
]]></failure>
  </testcase>
  <testcase name="categoryCreate" classname="Unifyed.Unifyed_Engage.Category_Test" time="1.21"/>
  <testcase name="categoryEdit" classname="Unifyed.Unifyed_Engage.Category_Test" time="0">
    <skipped/>
  </testcase>
  <testcase name="categoryEdit" classname="Unifyed.Unifyed_Engage.Category_Test" time="0">
    <skipped/>
  </testcase>
  <testcase name="categoryEdit" classname="Unifyed.Unifyed_Engage.Category_Test" time="0.124">
    <failure type="java.lang.NullPointerException">java.lang.NullPointerException
	at Unifyed.Unifyed_Engage.Category_Test.categoryEdit(Category_Test.java:48)
</failure>
  </testcase>
  <testcase name="categoryEdit" classname="Unifyed.Unifyed_Engage.Category_Test" time="0">
    <skipped/>
  </testcase>
  <testcase name="categoryEdit" classname="Unifyed.Unifyed_Engage.Category_Test" time="0">
    <skipped/>
  </testcase>
  <testcase name="categoryEdit" classname="Unifyed.Unifyed_Engage.Category_Test" time="0.506">
    <failure type="java.lang.NullPointerException">java.lang.NullPointerException
	at Unifyed.Unifyed_Engage.Category_Test.categoryEdit(Category_Test.java:48)
</failure>
  </testcase>
  <testcase name="categoryEdit" classname="Unifyed.Unifyed_Engage.Category_Test" time="1.132"/>
  <testcase name="categoryDelete" classname="Unifyed.Unifyed_Engage.Category_Test" time="0">
    <skipped/>
  </testcase>
  <testcase name="categoryDelete" classname="Unifyed.Unifyed_Engage.Category_Test" time="0">
    <skipped/>
  </testcase>
  <testcase name="categoryDelete" classname="Unifyed.Unifyed_Engage.Category_Test" time="0.148">
    <failure type="java.lang.NullPointerException">java.lang.NullPointerException
	at Unifyed.Unifyed_Engage.Category_Test.categoryDelete(Category_Test.java:53)
</failure>
  </testcase>
  <testcase name="categoryDelete" classname="Unifyed.Unifyed_Engage.Category_Test" time="0">
    <skipped/>
  </testcase>
  <testcase name="categoryDelete" classname="Unifyed.Unifyed_Engage.Category_Test" time="0">
    <skipped/>
  </testcase>
  <testcase name="categoryDelete" classname="Unifyed.Unifyed_Engage.Category_Test" time="2.377">
    <failure type="java.lang.NullPointerException">java.lang.NullPointerException
	at Unifyed.Unifyed_Engage.Category_Test.categoryDelete(Category_Test.java:53)
</failure>
  </testcase>
  <testcase name="categoryDelete" classname="Unifyed.Unifyed_Engage.Category_Test" time="1.338"/>
  <testcase name="LoginLogoutMethod" classname="Unifyed.Unifyed_Engage.LoginLogoutTest" time="0">
    <skipped message="Build info: version: &apos;4.10.0&apos;, revision: &apos;c14d967899&apos;&#10;System info: os.name: &apos;Windows 10&apos;, os.arch: &apos;amd64&apos;, os.version: &apos;10.0&apos;, java.version: &apos;11.0.11&apos;&#10;Driver info: org.openqa.selenium.chrome.ChromeDriver&#10;Command: [ab46c66fd055673dad01188e433e5811101b1a05, clickElement {id=node-19B0BE4E-2E10-4CF0-9B55-5EF2313B9706}]&#10;Capabilities {acceptInsecureCerts: false, browserName: Safari, browserVersion: 13.1.3, optimalHubUrl: hub-aps.browserstack.com, platformName: mac, safari:automaticInspection: false, safari:automaticProfiling: false, safari:diagnose: false, safari:platformBuildVersion: 19H15, safari:platformVersion: 10.15.7, safari:useSimulator: false, setWindowRect: true, strictFileInteractability: false, webdriver.remote.sessionid: ab46c66fd055673dad01188e433..., webkit:WebRTC: {DisableICECandidateFiltering: false, DisableInsecureMediaCapture: false}}&#10;Element: [[ChromeDriver: Safari on mac (ab46c66fd055673dad01188e433e5811101b1a05)] -&gt; xpath: //div[contains(@class, &apos;profile&apos;)]//button[@class=&apos;btn btn-primary&apos;]]&#10;Session ID: ab46c66fd055673dad01188e433e5811101b1a05"/>
    <system-err><![CDATA[ERROR StatusLogger Unrecognized format specifier [d]
ERROR StatusLogger Unrecognized conversion specifier [d] starting at position 16 in conversion pattern.
ERROR StatusLogger Unrecognized format specifier [thread]
ERROR StatusLogger Unrecognized conversion specifier [thread] starting at position 25 in conversion pattern.
ERROR StatusLogger Unrecognized format specifier [level]
ERROR StatusLogger Unrecognized conversion specifier [level] starting at position 35 in conversion pattern.
ERROR StatusLogger Unrecognized format specifier [logger]
ERROR StatusLogger Unrecognized conversion specifier [logger] starting at position 47 in conversion pattern.
ERROR StatusLogger Unrecognized format specifier [msg]
ERROR StatusLogger Unrecognized conversion specifier [msg] starting at position 54 in conversion pattern.
ERROR StatusLogger Unrecognized format specifier [n]
ERROR StatusLogger Unrecognized conversion specifier [n] starting at position 56 in conversion pattern.
ERROR StatusLogger Unrecognized format specifier [d]
ERROR StatusLogger Unrecognized conversion specifier [d] starting at position 16 in conversion pattern.
ERROR StatusLogger Unrecognized format specifier [thread]
ERROR StatusLogger Unrecognized conversion specifier [thread] starting at position 25 in conversion pattern.
ERROR StatusLogger Unrecognized format specifier [level]
ERROR StatusLogger Unrecognized conversion specifier [level] starting at position 35 in conversion pattern.
ERROR StatusLogger Unrecognized format specifier [logger]
ERROR StatusLogger Unrecognized conversion specifier [logger] starting at position 47 in conversion pattern.
ERROR StatusLogger Unrecognized format specifier [msg]
ERROR StatusLogger Unrecognized conversion specifier [msg] starting at position 54 in conversion pattern.
ERROR StatusLogger Unrecognized format specifier [n]
ERROR StatusLogger Unrecognized conversion specifier [n] starting at position 56 in conversion pattern.
]]></system-err>
  </testcase>
  <testcase name="LoginLogoutMethod" classname="Unifyed.Unifyed_Engage.LoginLogoutTest" time="0">
    <skipped message="Build info: version: &apos;4.10.0&apos;, revision: &apos;c14d967899&apos;&#10;System info: os.name: &apos;Windows 10&apos;, os.arch: &apos;amd64&apos;, os.version: &apos;10.0&apos;, java.version: &apos;11.0.11&apos;&#10;Driver info: org.openqa.selenium.chrome.ChromeDriver&#10;Command: [ab46c66fd055673dad01188e433e5811101b1a05, clickElement {id=node-19B0BE4E-2E10-4CF0-9B55-5EF2313B9706}]&#10;Capabilities {acceptInsecureCerts: false, browserName: Safari, browserVersion: 13.1.3, optimalHubUrl: hub-aps.browserstack.com, platformName: mac, safari:automaticInspection: false, safari:automaticProfiling: false, safari:diagnose: false, safari:platformBuildVersion: 19H15, safari:platformVersion: 10.15.7, safari:useSimulator: false, setWindowRect: true, strictFileInteractability: false, webdriver.remote.sessionid: ab46c66fd055673dad01188e433..., webkit:WebRTC: {DisableICECandidateFiltering: false, DisableInsecureMediaCapture: false}}&#10;Element: [[ChromeDriver: Safari on mac (ab46c66fd055673dad01188e433e5811101b1a05)] -&gt; xpath: //div[contains(@class, &apos;profile&apos;)]//button[@class=&apos;btn btn-primary&apos;]]&#10;Session ID: ab46c66fd055673dad01188e433e5811101b1a05"/>
  </testcase>
  <testcase name="LoginLogoutMethod" classname="Unifyed.Unifyed_Engage.LoginLogoutTest" time="0.419">
    <failure message="Build info: version: &apos;4.10.0&apos;, revision: &apos;c14d967899&apos;&#10;System info: os.name: &apos;Windows 10&apos;, os.arch: &apos;amd64&apos;, os.version: &apos;10.0&apos;, java.version: &apos;11.0.11&apos;&#10;Driver info: org.openqa.selenium.chrome.ChromeDriver&#10;Command: [ab46c66fd055673dad01188e433e5811101b1a05, clickElement {id=node-19B0BE4E-2E10-4CF0-9B55-5EF2313B9706}]&#10;Capabilities {acceptInsecureCerts: false, browserName: Safari, browserVersion: 13.1.3, optimalHubUrl: hub-aps.browserstack.com, platformName: mac, safari:automaticInspection: false, safari:automaticProfiling: false, safari:diagnose: false, safari:platformBuildVersion: 19H15, safari:platformVersion: 10.15.7, safari:useSimulator: false, setWindowRect: true, strictFileInteractability: false, webdriver.remote.sessionid: ab46c66fd055673dad01188e433..., webkit:WebRTC: {DisableICECandidateFiltering: false, DisableInsecureMediaCapture: false}}&#10;Element: [[ChromeDriver: Safari on mac (ab46c66fd055673dad01188e433e5811101b1a05)] -&gt; xpath: //div[contains(@class, &apos;profile&apos;)]//button[@class=&apos;btn btn-primary&apos;]]&#10;Session ID: ab46c66fd055673dad01188e433e5811101b1a05" type="org.openqa.selenium.ElementNotInteractableException">org.openqa.selenium.ElementNotInteractableException: 
Build info: version: '4.10.0', revision: 'c14d967899'
System info: os.name: 'Windows 10', os.arch: 'amd64', os.version: '10.0', java.version: '11.0.11'
Driver info: org.openqa.selenium.chrome.ChromeDriver
Command: [ab46c66fd055673dad01188e433e5811101b1a05, clickElement {id=node-19B0BE4E-2E10-4CF0-9B55-5EF2313B9706}]
Capabilities {acceptInsecureCerts: false, browserName: Safari, browserVersion: 13.1.3, optimalHubUrl: hub-aps.browserstack.com, platformName: mac, safari:automaticInspection: false, safari:automaticProfiling: false, safari:diagnose: false, safari:platformBuildVersion: 19H15, safari:platformVersion: 10.15.7, safari:useSimulator: false, setWindowRect: true, strictFileInteractability: false, webdriver.remote.sessionid: ab46c66fd055673dad01188e433..., webkit:WebRTC: {DisableICECandidateFiltering: false, DisableInsecureMediaCapture: false}}
Element: [[ChromeDriver: Safari on mac (ab46c66fd055673dad01188e433e5811101b1a05)] -> xpath: //div[contains(@class, 'profile')]//button[@class='btn btn-primary']]
Session ID: ab46c66fd055673dad01188e433e5811101b1a05
	at Unifyed.Unifyed_Engage.LoginLogoutTest.LoginLogoutMethod(LoginLogoutTest.java:20)
</failure>
  </testcase>
  <testcase name="LoginLogoutMethod" classname="Unifyed.Unifyed_Engage.LoginLogoutTest" time="0">
    <skipped message="Build info: version: &apos;4.10.0&apos;, revision: &apos;c14d967899&apos;&#10;System info: os.name: &apos;Windows 10&apos;, os.arch: &apos;amd64&apos;, os.version: &apos;10.0&apos;, java.version: &apos;11.0.11&apos;&#10;Driver info: org.openqa.selenium.chrome.ChromeDriver&#10;Command: [ab46c66fd055673dad01188e433e5811101b1a05, clickElement {id=node-19B0BE4E-2E10-4CF0-9B55-5EF2313B9706}]&#10;Capabilities {acceptInsecureCerts: false, browserName: Safari, browserVersion: 13.1.3, optimalHubUrl: hub-aps.browserstack.com, platformName: mac, safari:automaticInspection: false, safari:automaticProfiling: false, safari:diagnose: false, safari:platformBuildVersion: 19H15, safari:platformVersion: 10.15.7, safari:useSimulator: false, setWindowRect: true, strictFileInteractability: false, webdriver.remote.sessionid: ab46c66fd055673dad01188e433..., webkit:WebRTC: {DisableICECandidateFiltering: false, DisableInsecureMediaCapture: false}}&#10;Element: [[ChromeDriver: Safari on mac (ab46c66fd055673dad01188e433e5811101b1a05)] -&gt; xpath: //div[contains(@class, &apos;profile&apos;)]//button[@class=&apos;btn btn-primary&apos;]]&#10;Session ID: ab46c66fd055673dad01188e433e5811101b1a05"/>
  </testcase>
  <testcase name="LoginLogoutMethod" classname="Unifyed.Unifyed_Engage.LoginLogoutTest" time="0">
    <skipped message="Build info: version: &apos;4.10.0&apos;, revision: &apos;c14d967899&apos;&#10;System info: os.name: &apos;Windows 10&apos;, os.arch: &apos;amd64&apos;, os.version: &apos;10.0&apos;, java.version: &apos;11.0.11&apos;&#10;Driver info: org.openqa.selenium.chrome.ChromeDriver&#10;Command: [ab46c66fd055673dad01188e433e5811101b1a05, clickElement {id=node-19B0BE4E-2E10-4CF0-9B55-5EF2313B9706}]&#10;Capabilities {acceptInsecureCerts: false, browserName: Safari, browserVersion: 13.1.3, optimalHubUrl: hub-aps.browserstack.com, platformName: mac, safari:automaticInspection: false, safari:automaticProfiling: false, safari:diagnose: false, safari:platformBuildVersion: 19H15, safari:platformVersion: 10.15.7, safari:useSimulator: false, setWindowRect: true, strictFileInteractability: false, webdriver.remote.sessionid: ab46c66fd055673dad01188e433..., webkit:WebRTC: {DisableICECandidateFiltering: false, DisableInsecureMediaCapture: false}}&#10;Element: [[ChromeDriver: Safari on mac (ab46c66fd055673dad01188e433e5811101b1a05)] -&gt; xpath: //div[contains(@class, &apos;profile&apos;)]//button[@class=&apos;btn btn-primary&apos;]]&#10;Session ID: ab46c66fd055673dad01188e433e5811101b1a05"/>
  </testcase>
  <testcase name="LoginLogoutMethod" classname="Unifyed.Unifyed_Engage.LoginLogoutTest" time="0.379">
    <failure message="Build info: version: &apos;4.10.0&apos;, revision: &apos;c14d967899&apos;&#10;System info: os.name: &apos;Windows 10&apos;, os.arch: &apos;amd64&apos;, os.version: &apos;10.0&apos;, java.version: &apos;11.0.11&apos;&#10;Driver info: org.openqa.selenium.chrome.ChromeDriver&#10;Command: [ab46c66fd055673dad01188e433e5811101b1a05, clickElement {id=node-19B0BE4E-2E10-4CF0-9B55-5EF2313B9706}]&#10;Capabilities {acceptInsecureCerts: false, browserName: Safari, browserVersion: 13.1.3, optimalHubUrl: hub-aps.browserstack.com, platformName: mac, safari:automaticInspection: false, safari:automaticProfiling: false, safari:diagnose: false, safari:platformBuildVersion: 19H15, safari:platformVersion: 10.15.7, safari:useSimulator: false, setWindowRect: true, strictFileInteractability: false, webdriver.remote.sessionid: ab46c66fd055673dad01188e433..., webkit:WebRTC: {DisableICECandidateFiltering: false, DisableInsecureMediaCapture: false}}&#10;Element: [[ChromeDriver: Safari on mac (ab46c66fd055673dad01188e433e5811101b1a05)] -&gt; xpath: //div[contains(@class, &apos;profile&apos;)]//button[@class=&apos;btn btn-primary&apos;]]&#10;Session ID: ab46c66fd055673dad01188e433e5811101b1a05" type="org.openqa.selenium.ElementNotInteractableException">org.openqa.selenium.ElementNotInteractableException: 
Build info: version: '4.10.0', revision: 'c14d967899'
System info: os.name: 'Windows 10', os.arch: 'amd64', os.version: '10.0', java.version: '11.0.11'
Driver info: org.openqa.selenium.chrome.ChromeDriver
Command: [ab46c66fd055673dad01188e433e5811101b1a05, clickElement {id=node-19B0BE4E-2E10-4CF0-9B55-5EF2313B9706}]
Capabilities {acceptInsecureCerts: false, browserName: Safari, browserVersion: 13.1.3, optimalHubUrl: hub-aps.browserstack.com, platformName: mac, safari:automaticInspection: false, safari:automaticProfiling: false, safari:diagnose: false, safari:platformBuildVersion: 19H15, safari:platformVersion: 10.15.7, safari:useSimulator: false, setWindowRect: true, strictFileInteractability: false, webdriver.remote.sessionid: ab46c66fd055673dad01188e433..., webkit:WebRTC: {DisableICECandidateFiltering: false, DisableInsecureMediaCapture: false}}
Element: [[ChromeDriver: Safari on mac (ab46c66fd055673dad01188e433e5811101b1a05)] -> xpath: //div[contains(@class, 'profile')]//button[@class='btn btn-primary']]
Session ID: ab46c66fd055673dad01188e433e5811101b1a05
	at Unifyed.Unifyed_Engage.LoginLogoutTest.LoginLogoutMethod(LoginLogoutTest.java:20)
</failure>
  </testcase>
  <testcase name="LoginLogoutMethod" classname="Unifyed.Unifyed_Engage.LoginLogoutTest" time="0">
    <skipped message="Element &lt;button class=&quot;btn btn-primary&quot; type=&quot;button&quot;&gt; could not be scrolled into view&#10;Build info: version: &apos;4.10.0&apos;, revision: &apos;c14d967899&apos;&#10;System info: os.name: &apos;Windows 10&apos;, os.arch: &apos;amd64&apos;, os.version: &apos;10.0&apos;, java.version: &apos;11.0.11&apos;&#10;Driver info: org.openqa.selenium.chrome.ChromeDriver&#10;Command: [76dbb1d1fb352a4a0bdf2b6b3a9f99ae18dd293b, clickElement {id=a583563a-4c6a-43cc-b38c-6eaa7a851d01}]&#10;Capabilities {acceptInsecureCerts: true, browserName: firefox, browserVersion: 99.0, moz:accessibilityChecks: false, moz:buildID: 20220330194208, moz:geckodriverVersion: 0.31.0, moz:headless: false, moz:processID: 4776, moz:profile: C:\Windows\proxy\rust_mozpr..., moz:shutdownTimeout: 60000, moz:useNonSpecCompliantPointerOrigin: false, moz:webdriverClick: true, optimalHubUrl: hub-aps.browserstack.com, pageLoadStrategy: normal, platformName: windows, platformVersion: 10.0, proxy: Proxy(), setWindowRect: true, strictFileInteractability: false, timeouts: {implicit: 0, pageLoad: 300000, script: 30000}, unhandledPromptBehavior: dismiss and notify, webdriver.remote.sessionid: 76dbb1d1fb352a4a0bdf2b6b3a9...}&#10;Element: [[ChromeDriver: firefox on windows (76dbb1d1fb352a4a0bdf2b6b3a9f99ae18dd293b)] -&gt; xpath: //div[contains(@class, &apos;profile&apos;)]//button[@class=&apos;btn btn-primary&apos;]]&#10;Session ID: 76dbb1d1fb352a4a0bdf2b6b3a9f99ae18dd293b"/>
  </testcase>
  <testcase name="LoginLogoutMethod" classname="Unifyed.Unifyed_Engage.LoginLogoutTest" time="0">
    <skipped message="Element &lt;button class=&quot;btn btn-primary&quot; type=&quot;button&quot;&gt; could not be scrolled into view&#10;Build info: version: &apos;4.10.0&apos;, revision: &apos;c14d967899&apos;&#10;System info: os.name: &apos;Windows 10&apos;, os.arch: &apos;amd64&apos;, os.version: &apos;10.0&apos;, java.version: &apos;11.0.11&apos;&#10;Driver info: org.openqa.selenium.chrome.ChromeDriver&#10;Command: [76dbb1d1fb352a4a0bdf2b6b3a9f99ae18dd293b, clickElement {id=a583563a-4c6a-43cc-b38c-6eaa7a851d01}]&#10;Capabilities {acceptInsecureCerts: true, browserName: firefox, browserVersion: 99.0, moz:accessibilityChecks: false, moz:buildID: 20220330194208, moz:geckodriverVersion: 0.31.0, moz:headless: false, moz:processID: 4776, moz:profile: C:\Windows\proxy\rust_mozpr..., moz:shutdownTimeout: 60000, moz:useNonSpecCompliantPointerOrigin: false, moz:webdriverClick: true, optimalHubUrl: hub-aps.browserstack.com, pageLoadStrategy: normal, platformName: windows, platformVersion: 10.0, proxy: Proxy(), setWindowRect: true, strictFileInteractability: false, timeouts: {implicit: 0, pageLoad: 300000, script: 30000}, unhandledPromptBehavior: dismiss and notify, webdriver.remote.sessionid: 76dbb1d1fb352a4a0bdf2b6b3a9...}&#10;Element: [[ChromeDriver: firefox on windows (76dbb1d1fb352a4a0bdf2b6b3a9f99ae18dd293b)] -&gt; xpath: //div[contains(@class, &apos;profile&apos;)]//button[@class=&apos;btn btn-primary&apos;]]&#10;Session ID: 76dbb1d1fb352a4a0bdf2b6b3a9f99ae18dd293b"/>
  </testcase>
  <testcase name="LoginLogoutMethod" classname="Unifyed.Unifyed_Engage.LoginLogoutTest" time="2.544">
    <failure message="Element &lt;button class=&quot;btn btn-primary&quot; type=&quot;button&quot;&gt; could not be scrolled into view&#10;Build info: version: &apos;4.10.0&apos;, revision: &apos;c14d967899&apos;&#10;System info: os.name: &apos;Windows 10&apos;, os.arch: &apos;amd64&apos;, os.version: &apos;10.0&apos;, java.version: &apos;11.0.11&apos;&#10;Driver info: org.openqa.selenium.chrome.ChromeDriver&#10;Command: [76dbb1d1fb352a4a0bdf2b6b3a9f99ae18dd293b, clickElement {id=a583563a-4c6a-43cc-b38c-6eaa7a851d01}]&#10;Capabilities {acceptInsecureCerts: true, browserName: firefox, browserVersion: 99.0, moz:accessibilityChecks: false, moz:buildID: 20220330194208, moz:geckodriverVersion: 0.31.0, moz:headless: false, moz:processID: 4776, moz:profile: C:\Windows\proxy\rust_mozpr..., moz:shutdownTimeout: 60000, moz:useNonSpecCompliantPointerOrigin: false, moz:webdriverClick: true, optimalHubUrl: hub-aps.browserstack.com, pageLoadStrategy: normal, platformName: windows, platformVersion: 10.0, proxy: Proxy(), setWindowRect: true, strictFileInteractability: false, timeouts: {implicit: 0, pageLoad: 300000, script: 30000}, unhandledPromptBehavior: dismiss and notify, webdriver.remote.sessionid: 76dbb1d1fb352a4a0bdf2b6b3a9...}&#10;Element: [[ChromeDriver: firefox on windows (76dbb1d1fb352a4a0bdf2b6b3a9f99ae18dd293b)] -&gt; xpath: //div[contains(@class, &apos;profile&apos;)]//button[@class=&apos;btn btn-primary&apos;]]&#10;Session ID: 76dbb1d1fb352a4a0bdf2b6b3a9f99ae18dd293b" type="org.openqa.selenium.ElementNotInteractableException"><![CDATA[org.openqa.selenium.ElementNotInteractableException: 
Element <button class="btn btn-primary" type="button"> could not be scrolled into view
Build info: version: '4.10.0', revision: 'c14d967899'
System info: os.name: 'Windows 10', os.arch: 'amd64', os.version: '10.0', java.version: '11.0.11'
Driver info: org.openqa.selenium.chrome.ChromeDriver
Command: [76dbb1d1fb352a4a0bdf2b6b3a9f99ae18dd293b, clickElement {id=a583563a-4c6a-43cc-b38c-6eaa7a851d01}]
Capabilities {acceptInsecureCerts: true, browserName: firefox, browserVersion: 99.0, moz:accessibilityChecks: false, moz:buildID: 20220330194208, moz:geckodriverVersion: 0.31.0, moz:headless: false, moz:processID: 4776, moz:profile: C:\Windows\proxy\rust_mozpr..., moz:shutdownTimeout: 60000, moz:useNonSpecCompliantPointerOrigin: false, moz:webdriverClick: true, optimalHubUrl: hub-aps.browserstack.com, pageLoadStrategy: normal, platformName: windows, platformVersion: 10.0, proxy: Proxy(), setWindowRect: true, strictFileInteractability: false, timeouts: {implicit: 0, pageLoad: 300000, script: 30000}, unhandledPromptBehavior: dismiss and notify, webdriver.remote.sessionid: 76dbb1d1fb352a4a0bdf2b6b3a9...}
Element: [[ChromeDriver: firefox on windows (76dbb1d1fb352a4a0bdf2b6b3a9f99ae18dd293b)] -> xpath: //div[contains(@class, 'profile')]//button[@class='btn btn-primary']]
Session ID: 76dbb1d1fb352a4a0bdf2b6b3a9f99ae18dd293b
	at Unifyed.Unifyed_Engage.LoginLogoutTest.LoginLogoutMethod(LoginLogoutTest.java:20)
]]></failure>
  </testcase>
  <testcase name="LoginLogoutMethod" classname="Unifyed.Unifyed_Engage.LoginLogoutTest" time="0">
    <skipped message="Element &lt;button class=&quot;btn btn-primary&quot; type=&quot;button&quot;&gt; could not be scrolled into view&#10;Build info: version: &apos;4.10.0&apos;, revision: &apos;c14d967899&apos;&#10;System info: os.name: &apos;Windows 10&apos;, os.arch: &apos;amd64&apos;, os.version: &apos;10.0&apos;, java.version: &apos;11.0.11&apos;&#10;Driver info: org.openqa.selenium.chrome.ChromeDriver&#10;Command: [76dbb1d1fb352a4a0bdf2b6b3a9f99ae18dd293b, clickElement {id=a583563a-4c6a-43cc-b38c-6eaa7a851d01}]&#10;Capabilities {acceptInsecureCerts: true, browserName: firefox, browserVersion: 99.0, moz:accessibilityChecks: false, moz:buildID: 20220330194208, moz:geckodriverVersion: 0.31.0, moz:headless: false, moz:processID: 4776, moz:profile: C:\Windows\proxy\rust_mozpr..., moz:shutdownTimeout: 60000, moz:useNonSpecCompliantPointerOrigin: false, moz:webdriverClick: true, optimalHubUrl: hub-aps.browserstack.com, pageLoadStrategy: normal, platformName: windows, platformVersion: 10.0, proxy: Proxy(), setWindowRect: true, strictFileInteractability: false, timeouts: {implicit: 0, pageLoad: 300000, script: 30000}, unhandledPromptBehavior: dismiss and notify, webdriver.remote.sessionid: 76dbb1d1fb352a4a0bdf2b6b3a9...}&#10;Element: [[ChromeDriver: firefox on windows (76dbb1d1fb352a4a0bdf2b6b3a9f99ae18dd293b)] -&gt; xpath: //div[contains(@class, &apos;profile&apos;)]//button[@class=&apos;btn btn-primary&apos;]]&#10;Session ID: 76dbb1d1fb352a4a0bdf2b6b3a9f99ae18dd293b"/>
  </testcase>
  <testcase name="LoginLogoutMethod" classname="Unifyed.Unifyed_Engage.LoginLogoutTest" time="0">
    <skipped message="Element &lt;button class=&quot;btn btn-primary&quot; type=&quot;button&quot;&gt; could not be scrolled into view&#10;Build info: version: &apos;4.10.0&apos;, revision: &apos;c14d967899&apos;&#10;System info: os.name: &apos;Windows 10&apos;, os.arch: &apos;amd64&apos;, os.version: &apos;10.0&apos;, java.version: &apos;11.0.11&apos;&#10;Driver info: org.openqa.selenium.chrome.ChromeDriver&#10;Command: [76dbb1d1fb352a4a0bdf2b6b3a9f99ae18dd293b, clickElement {id=a583563a-4c6a-43cc-b38c-6eaa7a851d01}]&#10;Capabilities {acceptInsecureCerts: true, browserName: firefox, browserVersion: 99.0, moz:accessibilityChecks: false, moz:buildID: 20220330194208, moz:geckodriverVersion: 0.31.0, moz:headless: false, moz:processID: 4776, moz:profile: C:\Windows\proxy\rust_mozpr..., moz:shutdownTimeout: 60000, moz:useNonSpecCompliantPointerOrigin: false, moz:webdriverClick: true, optimalHubUrl: hub-aps.browserstack.com, pageLoadStrategy: normal, platformName: windows, platformVersion: 10.0, proxy: Proxy(), setWindowRect: true, strictFileInteractability: false, timeouts: {implicit: 0, pageLoad: 300000, script: 30000}, unhandledPromptBehavior: dismiss and notify, webdriver.remote.sessionid: 76dbb1d1fb352a4a0bdf2b6b3a9...}&#10;Element: [[ChromeDriver: firefox on windows (76dbb1d1fb352a4a0bdf2b6b3a9f99ae18dd293b)] -&gt; xpath: //div[contains(@class, &apos;profile&apos;)]//button[@class=&apos;btn btn-primary&apos;]]&#10;Session ID: 76dbb1d1fb352a4a0bdf2b6b3a9f99ae18dd293b"/>
  </testcase>
  <testcase name="LoginLogoutMethod" classname="Unifyed.Unifyed_Engage.LoginLogoutTest" time="4.38">
    <failure message="Element &lt;button class=&quot;btn btn-primary&quot; type=&quot;button&quot;&gt; could not be scrolled into view&#10;Build info: version: &apos;4.10.0&apos;, revision: &apos;c14d967899&apos;&#10;System info: os.name: &apos;Windows 10&apos;, os.arch: &apos;amd64&apos;, os.version: &apos;10.0&apos;, java.version: &apos;11.0.11&apos;&#10;Driver info: org.openqa.selenium.chrome.ChromeDriver&#10;Command: [76dbb1d1fb352a4a0bdf2b6b3a9f99ae18dd293b, clickElement {id=a583563a-4c6a-43cc-b38c-6eaa7a851d01}]&#10;Capabilities {acceptInsecureCerts: true, browserName: firefox, browserVersion: 99.0, moz:accessibilityChecks: false, moz:buildID: 20220330194208, moz:geckodriverVersion: 0.31.0, moz:headless: false, moz:processID: 4776, moz:profile: C:\Windows\proxy\rust_mozpr..., moz:shutdownTimeout: 60000, moz:useNonSpecCompliantPointerOrigin: false, moz:webdriverClick: true, optimalHubUrl: hub-aps.browserstack.com, pageLoadStrategy: normal, platformName: windows, platformVersion: 10.0, proxy: Proxy(), setWindowRect: true, strictFileInteractability: false, timeouts: {implicit: 0, pageLoad: 300000, script: 30000}, unhandledPromptBehavior: dismiss and notify, webdriver.remote.sessionid: 76dbb1d1fb352a4a0bdf2b6b3a9...}&#10;Element: [[ChromeDriver: firefox on windows (76dbb1d1fb352a4a0bdf2b6b3a9f99ae18dd293b)] -&gt; xpath: //div[contains(@class, &apos;profile&apos;)]//button[@class=&apos;btn btn-primary&apos;]]&#10;Session ID: 76dbb1d1fb352a4a0bdf2b6b3a9f99ae18dd293b" type="org.openqa.selenium.ElementNotInteractableException"><![CDATA[org.openqa.selenium.ElementNotInteractableException: 
Element <button class="btn btn-primary" type="button"> could not be scrolled into view
Build info: version: '4.10.0', revision: 'c14d967899'
System info: os.name: 'Windows 10', os.arch: 'amd64', os.version: '10.0', java.version: '11.0.11'
Driver info: org.openqa.selenium.chrome.ChromeDriver
Command: [76dbb1d1fb352a4a0bdf2b6b3a9f99ae18dd293b, clickElement {id=a583563a-4c6a-43cc-b38c-6eaa7a851d01}]
Capabilities {acceptInsecureCerts: true, browserName: firefox, browserVersion: 99.0, moz:accessibilityChecks: false, moz:buildID: 20220330194208, moz:geckodriverVersion: 0.31.0, moz:headless: false, moz:processID: 4776, moz:profile: C:\Windows\proxy\rust_mozpr..., moz:shutdownTimeout: 60000, moz:useNonSpecCompliantPointerOrigin: false, moz:webdriverClick: true, optimalHubUrl: hub-aps.browserstack.com, pageLoadStrategy: normal, platformName: windows, platformVersion: 10.0, proxy: Proxy(), setWindowRect: true, strictFileInteractability: false, timeouts: {implicit: 0, pageLoad: 300000, script: 30000}, unhandledPromptBehavior: dismiss and notify, webdriver.remote.sessionid: 76dbb1d1fb352a4a0bdf2b6b3a9...}
Element: [[ChromeDriver: firefox on windows (76dbb1d1fb352a4a0bdf2b6b3a9f99ae18dd293b)] -> xpath: //div[contains(@class, 'profile')]//button[@class='btn btn-primary']]
Session ID: 76dbb1d1fb352a4a0bdf2b6b3a9f99ae18dd293b
	at Unifyed.Unifyed_Engage.LoginLogoutTest.LoginLogoutMethod(LoginLogoutTest.java:20)
]]></failure>
  </testcase>
  <testcase name="LoginLogoutMethod" classname="Unifyed.Unifyed_Engage.LoginLogoutTest" time="0">
    <skipped message="no such element: Unable to locate element: {&quot;method&quot;:&quot;xpath&quot;,&quot;selector&quot;:&quot;//div[contains(@class, &apos;profile&apos;)]//button[@class=&apos;btn btn-primary&apos;]&quot;}&#10;  (Session info: chrome=103.0.5060.114)&#10;For documentation on this error, please visit: https://www.selenium.dev/documentation/webdriver/troubleshooting/errors#no-such-element-exception&#10;Build info: version: &apos;4.10.0&apos;, revision: &apos;c14d967899&apos;&#10;System info: os.name: &apos;Windows 10&apos;, os.arch: &apos;amd64&apos;, os.version: &apos;10.0&apos;, java.version: &apos;11.0.11&apos;&#10;Driver info: org.openqa.selenium.chrome.ChromeDriver&#10;Command: [c638ea1174f2dff40a4cd5da50f9d9e159d189c0, findElement {using=xpath, value=//div[contains(@class, &apos;profile&apos;)]//button[@class=&apos;btn btn-primary&apos;]}]&#10;Capabilities {acceptInsecureCerts: true, browserName: chrome, browserVersion: 103.0.5060.114, chrome: {chromedriverVersion: 103.0.5060.24 (e47b049c438c..., userDataDir: C:\Windows\proxy\scoped_dir...}, goog:chromeOptions: {debuggerAddress: localhost:9222}, networkConnectionEnabled: false, optimalHubUrl: hub-aps.browserstack.com, pageLoadStrategy: normal, platformName: windows, proxy: Proxy(), setWindowRect: true, strictFileInteractability: false, timeouts: {implicit: 0, pageLoad: 300000, script: 30000}, unhandledPromptBehavior: dismiss and notify, webauthn:extension:credBlob: true, webauthn:extension:largeBlob: true, webauthn:virtualAuthenticators: true, webdriver.remote.sessionid: c638ea1174f2dff40a4cd5da50f...}&#10;Session ID: c638ea1174f2dff40a4cd5da50f9d9e159d189c0"/>
  </testcase>
  <testcase name="LoginLogoutMethod" classname="Unifyed.Unifyed_Engage.LoginLogoutTest" time="0">
    <skipped message="no such element: Unable to locate element: {&quot;method&quot;:&quot;xpath&quot;,&quot;selector&quot;:&quot;//div[contains(@class, &apos;profile&apos;)]//button[@class=&apos;btn btn-primary&apos;]&quot;}&#10;  (Session info: chrome=103.0.5060.114)&#10;For documentation on this error, please visit: https://www.selenium.dev/documentation/webdriver/troubleshooting/errors#no-such-element-exception&#10;Build info: version: &apos;4.10.0&apos;, revision: &apos;c14d967899&apos;&#10;System info: os.name: &apos;Windows 10&apos;, os.arch: &apos;amd64&apos;, os.version: &apos;10.0&apos;, java.version: &apos;11.0.11&apos;&#10;Driver info: org.openqa.selenium.chrome.ChromeDriver&#10;Command: [c638ea1174f2dff40a4cd5da50f9d9e159d189c0, findElement {using=xpath, value=//div[contains(@class, &apos;profile&apos;)]//button[@class=&apos;btn btn-primary&apos;]}]&#10;Capabilities {acceptInsecureCerts: true, browserName: chrome, browserVersion: 103.0.5060.114, chrome: {chromedriverVersion: 103.0.5060.24 (e47b049c438c..., userDataDir: C:\Windows\proxy\scoped_dir...}, goog:chromeOptions: {debuggerAddress: localhost:9222}, networkConnectionEnabled: false, optimalHubUrl: hub-aps.browserstack.com, pageLoadStrategy: normal, platformName: windows, proxy: Proxy(), setWindowRect: true, strictFileInteractability: false, timeouts: {implicit: 0, pageLoad: 300000, script: 30000}, unhandledPromptBehavior: dismiss and notify, webauthn:extension:credBlob: true, webauthn:extension:largeBlob: true, webauthn:virtualAuthenticators: true, webdriver.remote.sessionid: c638ea1174f2dff40a4cd5da50f...}&#10;Session ID: c638ea1174f2dff40a4cd5da50f9d9e159d189c0"/>
  </testcase>
  <testcase name="LoginLogoutMethod" classname="Unifyed.Unifyed_Engage.LoginLogoutTest" time="13.586">
    <failure message="no such element: Unable to locate element: {&quot;method&quot;:&quot;xpath&quot;,&quot;selector&quot;:&quot;//div[contains(@class, &apos;profile&apos;)]//button[@class=&apos;btn btn-primary&apos;]&quot;}&#10;  (Session info: chrome=103.0.5060.114)&#10;For documentation on this error, please visit: https://www.selenium.dev/documentation/webdriver/troubleshooting/errors#no-such-element-exception&#10;Build info: version: &apos;4.10.0&apos;, revision: &apos;c14d967899&apos;&#10;System info: os.name: &apos;Windows 10&apos;, os.arch: &apos;amd64&apos;, os.version: &apos;10.0&apos;, java.version: &apos;11.0.11&apos;&#10;Driver info: org.openqa.selenium.chrome.ChromeDriver&#10;Command: [c638ea1174f2dff40a4cd5da50f9d9e159d189c0, findElement {using=xpath, value=//div[contains(@class, &apos;profile&apos;)]//button[@class=&apos;btn btn-primary&apos;]}]&#10;Capabilities {acceptInsecureCerts: true, browserName: chrome, browserVersion: 103.0.5060.114, chrome: {chromedriverVersion: 103.0.5060.24 (e47b049c438c..., userDataDir: C:\Windows\proxy\scoped_dir...}, goog:chromeOptions: {debuggerAddress: localhost:9222}, networkConnectionEnabled: false, optimalHubUrl: hub-aps.browserstack.com, pageLoadStrategy: normal, platformName: windows, proxy: Proxy(), setWindowRect: true, strictFileInteractability: false, timeouts: {implicit: 0, pageLoad: 300000, script: 30000}, unhandledPromptBehavior: dismiss and notify, webauthn:extension:credBlob: true, webauthn:extension:largeBlob: true, webauthn:virtualAuthenticators: true, webdriver.remote.sessionid: c638ea1174f2dff40a4cd5da50f...}&#10;Session ID: c638ea1174f2dff40a4cd5da50f9d9e159d189c0" type="org.openqa.selenium.NoSuchElementException">org.openqa.selenium.NoSuchElementException: 
no such element: Unable to locate element: {"method":"xpath","selector":"//div[contains(@class, 'profile')]//button[@class='btn btn-primary']"}
  (Session info: chrome=103.0.5060.114)
For documentation on this error, please visit: https://www.selenium.dev/documentation/webdriver/troubleshooting/errors#no-such-element-exception
Build info: version: '4.10.0', revision: 'c14d967899'
System info: os.name: 'Windows 10', os.arch: 'amd64', os.version: '10.0', java.version: '11.0.11'
Driver info: org.openqa.selenium.chrome.ChromeDriver
Command: [c638ea1174f2dff40a4cd5da50f9d9e159d189c0, findElement {using=xpath, value=//div[contains(@class, 'profile')]//button[@class='btn btn-primary']}]
Capabilities {acceptInsecureCerts: true, browserName: chrome, browserVersion: 103.0.5060.114, chrome: {chromedriverVersion: 103.0.5060.24 (e47b049c438c..., userDataDir: C:\Windows\proxy\scoped_dir...}, goog:chromeOptions: {debuggerAddress: localhost:9222}, networkConnectionEnabled: false, optimalHubUrl: hub-aps.browserstack.com, pageLoadStrategy: normal, platformName: windows, proxy: Proxy(), setWindowRect: true, strictFileInteractability: false, timeouts: {implicit: 0, pageLoad: 300000, script: 30000}, unhandledPromptBehavior: dismiss and notify, webauthn:extension:credBlob: true, webauthn:extension:largeBlob: true, webauthn:virtualAuthenticators: true, webdriver.remote.sessionid: c638ea1174f2dff40a4cd5da50f...}
Session ID: c638ea1174f2dff40a4cd5da50f9d9e159d189c0
	at Unifyed.Unifyed_Engage.LoginLogoutTest.LoginLogoutMethod(LoginLogoutTest.java:20)
</failure>
  </testcase>
  <testcase name="LoginLogoutMethod" classname="Unifyed.Unifyed_Engage.LoginLogoutTest" time="0">
    <skipped message="no such element: Unable to locate element: {&quot;method&quot;:&quot;xpath&quot;,&quot;selector&quot;:&quot;//div[contains(@class, &apos;profile&apos;)]//button[@class=&apos;btn btn-primary&apos;]&quot;}&#10;  (Session info: chrome=103.0.5060.114)&#10;For documentation on this error, please visit: https://www.selenium.dev/documentation/webdriver/troubleshooting/errors#no-such-element-exception&#10;Build info: version: &apos;4.10.0&apos;, revision: &apos;c14d967899&apos;&#10;System info: os.name: &apos;Windows 10&apos;, os.arch: &apos;amd64&apos;, os.version: &apos;10.0&apos;, java.version: &apos;11.0.11&apos;&#10;Driver info: org.openqa.selenium.chrome.ChromeDriver&#10;Command: [c638ea1174f2dff40a4cd5da50f9d9e159d189c0, findElement {using=xpath, value=//div[contains(@class, &apos;profile&apos;)]//button[@class=&apos;btn btn-primary&apos;]}]&#10;Capabilities {acceptInsecureCerts: true, browserName: chrome, browserVersion: 103.0.5060.114, chrome: {chromedriverVersion: 103.0.5060.24 (e47b049c438c..., userDataDir: C:\Windows\proxy\scoped_dir...}, goog:chromeOptions: {debuggerAddress: localhost:9222}, networkConnectionEnabled: false, optimalHubUrl: hub-aps.browserstack.com, pageLoadStrategy: normal, platformName: windows, proxy: Proxy(), setWindowRect: true, strictFileInteractability: false, timeouts: {implicit: 0, pageLoad: 300000, script: 30000}, unhandledPromptBehavior: dismiss and notify, webauthn:extension:credBlob: true, webauthn:extension:largeBlob: true, webauthn:virtualAuthenticators: true, webdriver.remote.sessionid: c638ea1174f2dff40a4cd5da50f...}&#10;Session ID: c638ea1174f2dff40a4cd5da50f9d9e159d189c0"/>
  </testcase>
  <testcase name="LoginLogoutMethod" classname="Unifyed.Unifyed_Engage.LoginLogoutTest" time="0">
    <skipped message="no such element: Unable to locate element: {&quot;method&quot;:&quot;xpath&quot;,&quot;selector&quot;:&quot;//div[contains(@class, &apos;profile&apos;)]//button[@class=&apos;btn btn-primary&apos;]&quot;}&#10;  (Session info: chrome=103.0.5060.114)&#10;For documentation on this error, please visit: https://www.selenium.dev/documentation/webdriver/troubleshooting/errors#no-such-element-exception&#10;Build info: version: &apos;4.10.0&apos;, revision: &apos;c14d967899&apos;&#10;System info: os.name: &apos;Windows 10&apos;, os.arch: &apos;amd64&apos;, os.version: &apos;10.0&apos;, java.version: &apos;11.0.11&apos;&#10;Driver info: org.openqa.selenium.chrome.ChromeDriver&#10;Command: [c638ea1174f2dff40a4cd5da50f9d9e159d189c0, findElement {using=xpath, value=//div[contains(@class, &apos;profile&apos;)]//button[@class=&apos;btn btn-primary&apos;]}]&#10;Capabilities {acceptInsecureCerts: true, browserName: chrome, browserVersion: 103.0.5060.114, chrome: {chromedriverVersion: 103.0.5060.24 (e47b049c438c..., userDataDir: C:\Windows\proxy\scoped_dir...}, goog:chromeOptions: {debuggerAddress: localhost:9222}, networkConnectionEnabled: false, optimalHubUrl: hub-aps.browserstack.com, pageLoadStrategy: normal, platformName: windows, proxy: Proxy(), setWindowRect: true, strictFileInteractability: false, timeouts: {implicit: 0, pageLoad: 300000, script: 30000}, unhandledPromptBehavior: dismiss and notify, webauthn:extension:credBlob: true, webauthn:extension:largeBlob: true, webauthn:virtualAuthenticators: true, webdriver.remote.sessionid: c638ea1174f2dff40a4cd5da50f...}&#10;Session ID: c638ea1174f2dff40a4cd5da50f9d9e159d189c0"/>
  </testcase>
  <testcase name="LoginLogoutMethod" classname="Unifyed.Unifyed_Engage.LoginLogoutTest" time="14.86">
    <failure message="no such element: Unable to locate element: {&quot;method&quot;:&quot;xpath&quot;,&quot;selector&quot;:&quot;//div[contains(@class, &apos;profile&apos;)]//button[@class=&apos;btn btn-primary&apos;]&quot;}&#10;  (Session info: chrome=103.0.5060.114)&#10;For documentation on this error, please visit: https://www.selenium.dev/documentation/webdriver/troubleshooting/errors#no-such-element-exception&#10;Build info: version: &apos;4.10.0&apos;, revision: &apos;c14d967899&apos;&#10;System info: os.name: &apos;Windows 10&apos;, os.arch: &apos;amd64&apos;, os.version: &apos;10.0&apos;, java.version: &apos;11.0.11&apos;&#10;Driver info: org.openqa.selenium.chrome.ChromeDriver&#10;Command: [c638ea1174f2dff40a4cd5da50f9d9e159d189c0, findElement {using=xpath, value=//div[contains(@class, &apos;profile&apos;)]//button[@class=&apos;btn btn-primary&apos;]}]&#10;Capabilities {acceptInsecureCerts: true, browserName: chrome, browserVersion: 103.0.5060.114, chrome: {chromedriverVersion: 103.0.5060.24 (e47b049c438c..., userDataDir: C:\Windows\proxy\scoped_dir...}, goog:chromeOptions: {debuggerAddress: localhost:9222}, networkConnectionEnabled: false, optimalHubUrl: hub-aps.browserstack.com, pageLoadStrategy: normal, platformName: windows, proxy: Proxy(), setWindowRect: true, strictFileInteractability: false, timeouts: {implicit: 0, pageLoad: 300000, script: 30000}, unhandledPromptBehavior: dismiss and notify, webauthn:extension:credBlob: true, webauthn:extension:largeBlob: true, webauthn:virtualAuthenticators: true, webdriver.remote.sessionid: c638ea1174f2dff40a4cd5da50f...}&#10;Session ID: c638ea1174f2dff40a4cd5da50f9d9e159d189c0" type="org.openqa.selenium.NoSuchElementException">org.openqa.selenium.NoSuchElementException: 
no such element: Unable to locate element: {"method":"xpath","selector":"//div[contains(@class, 'profile')]//button[@class='btn btn-primary']"}
  (Session info: chrome=103.0.5060.114)
For documentation on this error, please visit: https://www.selenium.dev/documentation/webdriver/troubleshooting/errors#no-such-element-exception
Build info: version: '4.10.0', revision: 'c14d967899'
System info: os.name: 'Windows 10', os.arch: 'amd64', os.version: '10.0', java.version: '11.0.11'
Driver info: org.openqa.selenium.chrome.ChromeDriver
Command: [c638ea1174f2dff40a4cd5da50f9d9e159d189c0, findElement {using=xpath, value=//div[contains(@class, 'profile')]//button[@class='btn btn-primary']}]
Capabilities {acceptInsecureCerts: true, browserName: chrome, browserVersion: 103.0.5060.114, chrome: {chromedriverVersion: 103.0.5060.24 (e47b049c438c..., userDataDir: C:\Windows\proxy\scoped_dir...}, goog:chromeOptions: {debuggerAddress: localhost:9222}, networkConnectionEnabled: false, optimalHubUrl: hub-aps.browserstack.com, pageLoadStrategy: normal, platformName: windows, proxy: Proxy(), setWindowRect: true, strictFileInteractability: false, timeouts: {implicit: 0, pageLoad: 300000, script: 30000}, unhandledPromptBehavior: dismiss and notify, webauthn:extension:credBlob: true, webauthn:extension:largeBlob: true, webauthn:virtualAuthenticators: true, webdriver.remote.sessionid: c638ea1174f2dff40a4cd5da50f...}
Session ID: c638ea1174f2dff40a4cd5da50f9d9e159d189c0
	at Unifyed.Unifyed_Engage.LoginLogoutTest.LoginLogoutMethod(LoginLogoutTest.java:20)
</failure>
  </testcase>
  <testcase name="loginAdminside" classname="Unifyed.Unifyed_Engage.MyDrive_Test" time="0">
    <skipped message="Build info: version: &apos;4.10.0&apos;, revision: &apos;c14d967899&apos;&#10;System info: os.name: &apos;Windows 10&apos;, os.arch: &apos;amd64&apos;, os.version: &apos;10.0&apos;, java.version: &apos;11.0.11&apos;&#10;Driver info: org.openqa.selenium.chrome.ChromeDriver&#10;Command: [ab46c66fd055673dad01188e433e5811101b1a05, clickElement {id=node-19B0BE4E-2E10-4CF0-9B55-5EF2313B9706}]&#10;Capabilities {acceptInsecureCerts: false, browserName: Safari, browserVersion: 13.1.3, optimalHubUrl: hub-aps.browserstack.com, platformName: mac, safari:automaticInspection: false, safari:automaticProfiling: false, safari:diagnose: false, safari:platformBuildVersion: 19H15, safari:platformVersion: 10.15.7, safari:useSimulator: false, setWindowRect: true, strictFileInteractability: false, webdriver.remote.sessionid: ab46c66fd055673dad01188e433..., webkit:WebRTC: {DisableICECandidateFiltering: false, DisableInsecureMediaCapture: false}}&#10;Element: [[ChromeDriver: Safari on mac (ab46c66fd055673dad01188e433e5811101b1a05)] -&gt; xpath: //div[contains(@class, &apos;profile&apos;)]//button[@class=&apos;btn btn-primary&apos;]]&#10;Session ID: ab46c66fd055673dad01188e433e5811101b1a05"/>
  </testcase>
  <testcase name="loginAdminside" classname="Unifyed.Unifyed_Engage.MyDrive_Test" time="0">
    <skipped message="Build info: version: &apos;4.10.0&apos;, revision: &apos;c14d967899&apos;&#10;System info: os.name: &apos;Windows 10&apos;, os.arch: &apos;amd64&apos;, os.version: &apos;10.0&apos;, java.version: &apos;11.0.11&apos;&#10;Driver info: org.openqa.selenium.chrome.ChromeDriver&#10;Command: [ab46c66fd055673dad01188e433e5811101b1a05, clickElement {id=node-19B0BE4E-2E10-4CF0-9B55-5EF2313B9706}]&#10;Capabilities {acceptInsecureCerts: false, browserName: Safari, browserVersion: 13.1.3, optimalHubUrl: hub-aps.browserstack.com, platformName: mac, safari:automaticInspection: false, safari:automaticProfiling: false, safari:diagnose: false, safari:platformBuildVersion: 19H15, safari:platformVersion: 10.15.7, safari:useSimulator: false, setWindowRect: true, strictFileInteractability: false, webdriver.remote.sessionid: ab46c66fd055673dad01188e433..., webkit:WebRTC: {DisableICECandidateFiltering: false, DisableInsecureMediaCapture: false}}&#10;Element: [[ChromeDriver: Safari on mac (ab46c66fd055673dad01188e433e5811101b1a05)] -&gt; xpath: //div[contains(@class, &apos;profile&apos;)]//button[@class=&apos;btn btn-primary&apos;]]&#10;Session ID: ab46c66fd055673dad01188e433e5811101b1a05"/>
  </testcase>
  <testcase name="loginAdminside" classname="Unifyed.Unifyed_Engage.MyDrive_Test" time="0.373">
    <failure message="Build info: version: &apos;4.10.0&apos;, revision: &apos;c14d967899&apos;&#10;System info: os.name: &apos;Windows 10&apos;, os.arch: &apos;amd64&apos;, os.version: &apos;10.0&apos;, java.version: &apos;11.0.11&apos;&#10;Driver info: org.openqa.selenium.chrome.ChromeDriver&#10;Command: [ab46c66fd055673dad01188e433e5811101b1a05, clickElement {id=node-19B0BE4E-2E10-4CF0-9B55-5EF2313B9706}]&#10;Capabilities {acceptInsecureCerts: false, browserName: Safari, browserVersion: 13.1.3, optimalHubUrl: hub-aps.browserstack.com, platformName: mac, safari:automaticInspection: false, safari:automaticProfiling: false, safari:diagnose: false, safari:platformBuildVersion: 19H15, safari:platformVersion: 10.15.7, safari:useSimulator: false, setWindowRect: true, strictFileInteractability: false, webdriver.remote.sessionid: ab46c66fd055673dad01188e433..., webkit:WebRTC: {DisableICECandidateFiltering: false, DisableInsecureMediaCapture: false}}&#10;Element: [[ChromeDriver: Safari on mac (ab46c66fd055673dad01188e433e5811101b1a05)] -&gt; xpath: //div[contains(@class, &apos;profile&apos;)]//button[@class=&apos;btn btn-primary&apos;]]&#10;Session ID: ab46c66fd055673dad01188e433e5811101b1a05" type="org.openqa.selenium.ElementNotInteractableException">org.openqa.selenium.ElementNotInteractableException: 
Build info: version: '4.10.0', revision: 'c14d967899'
System info: os.name: 'Windows 10', os.arch: 'amd64', os.version: '10.0', java.version: '11.0.11'
Driver info: org.openqa.selenium.chrome.ChromeDriver
Command: [ab46c66fd055673dad01188e433e5811101b1a05, clickElement {id=node-19B0BE4E-2E10-4CF0-9B55-5EF2313B9706}]
Capabilities {acceptInsecureCerts: false, browserName: Safari, browserVersion: 13.1.3, optimalHubUrl: hub-aps.browserstack.com, platformName: mac, safari:automaticInspection: false, safari:automaticProfiling: false, safari:diagnose: false, safari:platformBuildVersion: 19H15, safari:platformVersion: 10.15.7, safari:useSimulator: false, setWindowRect: true, strictFileInteractability: false, webdriver.remote.sessionid: ab46c66fd055673dad01188e433..., webkit:WebRTC: {DisableICECandidateFiltering: false, DisableInsecureMediaCapture: false}}
Element: [[ChromeDriver: Safari on mac (ab46c66fd055673dad01188e433e5811101b1a05)] -> xpath: //div[contains(@class, 'profile')]//button[@class='btn btn-primary']]
Session ID: ab46c66fd055673dad01188e433e5811101b1a05
	at Unifyed.Unifyed_Engage.MyDrive_Test.loginAdminside(MyDrive_Test.java:22)
</failure>
  </testcase>
  <testcase name="loginAdminside" classname="Unifyed.Unifyed_Engage.MyDrive_Test" time="0">
    <skipped message="Element &lt;button class=&quot;btn btn-primary&quot; type=&quot;button&quot;&gt; could not be scrolled into view&#10;Build info: version: &apos;4.10.0&apos;, revision: &apos;c14d967899&apos;&#10;System info: os.name: &apos;Windows 10&apos;, os.arch: &apos;amd64&apos;, os.version: &apos;10.0&apos;, java.version: &apos;11.0.11&apos;&#10;Driver info: org.openqa.selenium.chrome.ChromeDriver&#10;Command: [76dbb1d1fb352a4a0bdf2b6b3a9f99ae18dd293b, clickElement {id=a583563a-4c6a-43cc-b38c-6eaa7a851d01}]&#10;Capabilities {acceptInsecureCerts: true, browserName: firefox, browserVersion: 99.0, moz:accessibilityChecks: false, moz:buildID: 20220330194208, moz:geckodriverVersion: 0.31.0, moz:headless: false, moz:processID: 4776, moz:profile: C:\Windows\proxy\rust_mozpr..., moz:shutdownTimeout: 60000, moz:useNonSpecCompliantPointerOrigin: false, moz:webdriverClick: true, optimalHubUrl: hub-aps.browserstack.com, pageLoadStrategy: normal, platformName: windows, platformVersion: 10.0, proxy: Proxy(), setWindowRect: true, strictFileInteractability: false, timeouts: {implicit: 0, pageLoad: 300000, script: 30000}, unhandledPromptBehavior: dismiss and notify, webdriver.remote.sessionid: 76dbb1d1fb352a4a0bdf2b6b3a9...}&#10;Element: [[ChromeDriver: firefox on windows (76dbb1d1fb352a4a0bdf2b6b3a9f99ae18dd293b)] -&gt; xpath: //div[contains(@class, &apos;profile&apos;)]//button[@class=&apos;btn btn-primary&apos;]]&#10;Session ID: 76dbb1d1fb352a4a0bdf2b6b3a9f99ae18dd293b"/>
  </testcase>
  <testcase name="loginAdminside" classname="Unifyed.Unifyed_Engage.MyDrive_Test" time="0">
    <skipped message="Element &lt;button class=&quot;btn btn-primary&quot; type=&quot;button&quot;&gt; could not be scrolled into view&#10;Build info: version: &apos;4.10.0&apos;, revision: &apos;c14d967899&apos;&#10;System info: os.name: &apos;Windows 10&apos;, os.arch: &apos;amd64&apos;, os.version: &apos;10.0&apos;, java.version: &apos;11.0.11&apos;&#10;Driver info: org.openqa.selenium.chrome.ChromeDriver&#10;Command: [76dbb1d1fb352a4a0bdf2b6b3a9f99ae18dd293b, clickElement {id=a583563a-4c6a-43cc-b38c-6eaa7a851d01}]&#10;Capabilities {acceptInsecureCerts: true, browserName: firefox, browserVersion: 99.0, moz:accessibilityChecks: false, moz:buildID: 20220330194208, moz:geckodriverVersion: 0.31.0, moz:headless: false, moz:processID: 4776, moz:profile: C:\Windows\proxy\rust_mozpr..., moz:shutdownTimeout: 60000, moz:useNonSpecCompliantPointerOrigin: false, moz:webdriverClick: true, optimalHubUrl: hub-aps.browserstack.com, pageLoadStrategy: normal, platformName: windows, platformVersion: 10.0, proxy: Proxy(), setWindowRect: true, strictFileInteractability: false, timeouts: {implicit: 0, pageLoad: 300000, script: 30000}, unhandledPromptBehavior: dismiss and notify, webdriver.remote.sessionid: 76dbb1d1fb352a4a0bdf2b6b3a9...}&#10;Element: [[ChromeDriver: firefox on windows (76dbb1d1fb352a4a0bdf2b6b3a9f99ae18dd293b)] -&gt; xpath: //div[contains(@class, &apos;profile&apos;)]//button[@class=&apos;btn btn-primary&apos;]]&#10;Session ID: 76dbb1d1fb352a4a0bdf2b6b3a9f99ae18dd293b"/>
  </testcase>
  <testcase name="loginAdminside" classname="Unifyed.Unifyed_Engage.MyDrive_Test" time="3.622">
    <failure message="Element &lt;button class=&quot;btn btn-primary&quot; type=&quot;button&quot;&gt; could not be scrolled into view&#10;Build info: version: &apos;4.10.0&apos;, revision: &apos;c14d967899&apos;&#10;System info: os.name: &apos;Windows 10&apos;, os.arch: &apos;amd64&apos;, os.version: &apos;10.0&apos;, java.version: &apos;11.0.11&apos;&#10;Driver info: org.openqa.selenium.chrome.ChromeDriver&#10;Command: [76dbb1d1fb352a4a0bdf2b6b3a9f99ae18dd293b, clickElement {id=a583563a-4c6a-43cc-b38c-6eaa7a851d01}]&#10;Capabilities {acceptInsecureCerts: true, browserName: firefox, browserVersion: 99.0, moz:accessibilityChecks: false, moz:buildID: 20220330194208, moz:geckodriverVersion: 0.31.0, moz:headless: false, moz:processID: 4776, moz:profile: C:\Windows\proxy\rust_mozpr..., moz:shutdownTimeout: 60000, moz:useNonSpecCompliantPointerOrigin: false, moz:webdriverClick: true, optimalHubUrl: hub-aps.browserstack.com, pageLoadStrategy: normal, platformName: windows, platformVersion: 10.0, proxy: Proxy(), setWindowRect: true, strictFileInteractability: false, timeouts: {implicit: 0, pageLoad: 300000, script: 30000}, unhandledPromptBehavior: dismiss and notify, webdriver.remote.sessionid: 76dbb1d1fb352a4a0bdf2b6b3a9...}&#10;Element: [[ChromeDriver: firefox on windows (76dbb1d1fb352a4a0bdf2b6b3a9f99ae18dd293b)] -&gt; xpath: //div[contains(@class, &apos;profile&apos;)]//button[@class=&apos;btn btn-primary&apos;]]&#10;Session ID: 76dbb1d1fb352a4a0bdf2b6b3a9f99ae18dd293b" type="org.openqa.selenium.ElementNotInteractableException"><![CDATA[org.openqa.selenium.ElementNotInteractableException: 
Element <button class="btn btn-primary" type="button"> could not be scrolled into view
Build info: version: '4.10.0', revision: 'c14d967899'
System info: os.name: 'Windows 10', os.arch: 'amd64', os.version: '10.0', java.version: '11.0.11'
Driver info: org.openqa.selenium.chrome.ChromeDriver
Command: [76dbb1d1fb352a4a0bdf2b6b3a9f99ae18dd293b, clickElement {id=a583563a-4c6a-43cc-b38c-6eaa7a851d01}]
Capabilities {acceptInsecureCerts: true, browserName: firefox, browserVersion: 99.0, moz:accessibilityChecks: false, moz:buildID: 20220330194208, moz:geckodriverVersion: 0.31.0, moz:headless: false, moz:processID: 4776, moz:profile: C:\Windows\proxy\rust_mozpr..., moz:shutdownTimeout: 60000, moz:useNonSpecCompliantPointerOrigin: false, moz:webdriverClick: true, optimalHubUrl: hub-aps.browserstack.com, pageLoadStrategy: normal, platformName: windows, platformVersion: 10.0, proxy: Proxy(), setWindowRect: true, strictFileInteractability: false, timeouts: {implicit: 0, pageLoad: 300000, script: 30000}, unhandledPromptBehavior: dismiss and notify, webdriver.remote.sessionid: 76dbb1d1fb352a4a0bdf2b6b3a9...}
Element: [[ChromeDriver: firefox on windows (76dbb1d1fb352a4a0bdf2b6b3a9f99ae18dd293b)] -> xpath: //div[contains(@class, 'profile')]//button[@class='btn btn-primary']]
Session ID: 76dbb1d1fb352a4a0bdf2b6b3a9f99ae18dd293b
	at Unifyed.Unifyed_Engage.MyDrive_Test.loginAdminside(MyDrive_Test.java:22)
]]></failure>
  </testcase>
  <testcase name="loginAdminside" classname="Unifyed.Unifyed_Engage.MyDrive_Test" time="0">
    <skipped message="no such element: Unable to locate element: {&quot;method&quot;:&quot;xpath&quot;,&quot;selector&quot;:&quot;//div[contains(@class, &apos;profile&apos;)]//button[@class=&apos;btn btn-primary&apos;]&quot;}&#10;  (Session info: chrome=103.0.5060.114)&#10;For documentation on this error, please visit: https://www.selenium.dev/documentation/webdriver/troubleshooting/errors#no-such-element-exception&#10;Build info: version: &apos;4.10.0&apos;, revision: &apos;c14d967899&apos;&#10;System info: os.name: &apos;Windows 10&apos;, os.arch: &apos;amd64&apos;, os.version: &apos;10.0&apos;, java.version: &apos;11.0.11&apos;&#10;Driver info: org.openqa.selenium.chrome.ChromeDriver&#10;Command: [c638ea1174f2dff40a4cd5da50f9d9e159d189c0, findElement {using=xpath, value=//div[contains(@class, &apos;profile&apos;)]//button[@class=&apos;btn btn-primary&apos;]}]&#10;Capabilities {acceptInsecureCerts: true, browserName: chrome, browserVersion: 103.0.5060.114, chrome: {chromedriverVersion: 103.0.5060.24 (e47b049c438c..., userDataDir: C:\Windows\proxy\scoped_dir...}, goog:chromeOptions: {debuggerAddress: localhost:9222}, networkConnectionEnabled: false, optimalHubUrl: hub-aps.browserstack.com, pageLoadStrategy: normal, platformName: windows, proxy: Proxy(), setWindowRect: true, strictFileInteractability: false, timeouts: {implicit: 0, pageLoad: 300000, script: 30000}, unhandledPromptBehavior: dismiss and notify, webauthn:extension:credBlob: true, webauthn:extension:largeBlob: true, webauthn:virtualAuthenticators: true, webdriver.remote.sessionid: c638ea1174f2dff40a4cd5da50f...}&#10;Session ID: c638ea1174f2dff40a4cd5da50f9d9e159d189c0"/>
  </testcase>
  <testcase name="loginAdminside" classname="Unifyed.Unifyed_Engage.MyDrive_Test" time="0">
    <skipped message="no such element: Unable to locate element: {&quot;method&quot;:&quot;xpath&quot;,&quot;selector&quot;:&quot;//div[contains(@class, &apos;profile&apos;)]//button[@class=&apos;btn btn-primary&apos;]&quot;}&#10;  (Session info: chrome=103.0.5060.114)&#10;For documentation on this error, please visit: https://www.selenium.dev/documentation/webdriver/troubleshooting/errors#no-such-element-exception&#10;Build info: version: &apos;4.10.0&apos;, revision: &apos;c14d967899&apos;&#10;System info: os.name: &apos;Windows 10&apos;, os.arch: &apos;amd64&apos;, os.version: &apos;10.0&apos;, java.version: &apos;11.0.11&apos;&#10;Driver info: org.openqa.selenium.chrome.ChromeDriver&#10;Command: [c638ea1174f2dff40a4cd5da50f9d9e159d189c0, findElement {using=xpath, value=//div[contains(@class, &apos;profile&apos;)]//button[@class=&apos;btn btn-primary&apos;]}]&#10;Capabilities {acceptInsecureCerts: true, browserName: chrome, browserVersion: 103.0.5060.114, chrome: {chromedriverVersion: 103.0.5060.24 (e47b049c438c..., userDataDir: C:\Windows\proxy\scoped_dir...}, goog:chromeOptions: {debuggerAddress: localhost:9222}, networkConnectionEnabled: false, optimalHubUrl: hub-aps.browserstack.com, pageLoadStrategy: normal, platformName: windows, proxy: Proxy(), setWindowRect: true, strictFileInteractability: false, timeouts: {implicit: 0, pageLoad: 300000, script: 30000}, unhandledPromptBehavior: dismiss and notify, webauthn:extension:credBlob: true, webauthn:extension:largeBlob: true, webauthn:virtualAuthenticators: true, webdriver.remote.sessionid: c638ea1174f2dff40a4cd5da50f...}&#10;Session ID: c638ea1174f2dff40a4cd5da50f9d9e159d189c0"/>
  </testcase>
  <testcase name="loginAdminside" classname="Unifyed.Unifyed_Engage.MyDrive_Test" time="13.734">
    <failure message="no such element: Unable to locate element: {&quot;method&quot;:&quot;xpath&quot;,&quot;selector&quot;:&quot;//div[contains(@class, &apos;profile&apos;)]//button[@class=&apos;btn btn-primary&apos;]&quot;}&#10;  (Session info: chrome=103.0.5060.114)&#10;For documentation on this error, please visit: https://www.selenium.dev/documentation/webdriver/troubleshooting/errors#no-such-element-exception&#10;Build info: version: &apos;4.10.0&apos;, revision: &apos;c14d967899&apos;&#10;System info: os.name: &apos;Windows 10&apos;, os.arch: &apos;amd64&apos;, os.version: &apos;10.0&apos;, java.version: &apos;11.0.11&apos;&#10;Driver info: org.openqa.selenium.chrome.ChromeDriver&#10;Command: [c638ea1174f2dff40a4cd5da50f9d9e159d189c0, findElement {using=xpath, value=//div[contains(@class, &apos;profile&apos;)]//button[@class=&apos;btn btn-primary&apos;]}]&#10;Capabilities {acceptInsecureCerts: true, browserName: chrome, browserVersion: 103.0.5060.114, chrome: {chromedriverVersion: 103.0.5060.24 (e47b049c438c..., userDataDir: C:\Windows\proxy\scoped_dir...}, goog:chromeOptions: {debuggerAddress: localhost:9222}, networkConnectionEnabled: false, optimalHubUrl: hub-aps.browserstack.com, pageLoadStrategy: normal, platformName: windows, proxy: Proxy(), setWindowRect: true, strictFileInteractability: false, timeouts: {implicit: 0, pageLoad: 300000, script: 30000}, unhandledPromptBehavior: dismiss and notify, webauthn:extension:credBlob: true, webauthn:extension:largeBlob: true, webauthn:virtualAuthenticators: true, webdriver.remote.sessionid: c638ea1174f2dff40a4cd5da50f...}&#10;Session ID: c638ea1174f2dff40a4cd5da50f9d9e159d189c0" type="org.openqa.selenium.NoSuchElementException">org.openqa.selenium.NoSuchElementException: 
no such element: Unable to locate element: {"method":"xpath","selector":"//div[contains(@class, 'profile')]//button[@class='btn btn-primary']"}
  (Session info: chrome=103.0.5060.114)
For documentation on this error, please visit: https://www.selenium.dev/documentation/webdriver/troubleshooting/errors#no-such-element-exception
Build info: version: '4.10.0', revision: 'c14d967899'
System info: os.name: 'Windows 10', os.arch: 'amd64', os.version: '10.0', java.version: '11.0.11'
Driver info: org.openqa.selenium.chrome.ChromeDriver
Command: [c638ea1174f2dff40a4cd5da50f9d9e159d189c0, findElement {using=xpath, value=//div[contains(@class, 'profile')]//button[@class='btn btn-primary']}]
Capabilities {acceptInsecureCerts: true, browserName: chrome, browserVersion: 103.0.5060.114, chrome: {chromedriverVersion: 103.0.5060.24 (e47b049c438c..., userDataDir: C:\Windows\proxy\scoped_dir...}, goog:chromeOptions: {debuggerAddress: localhost:9222}, networkConnectionEnabled: false, optimalHubUrl: hub-aps.browserstack.com, pageLoadStrategy: normal, platformName: windows, proxy: Proxy(), setWindowRect: true, strictFileInteractability: false, timeouts: {implicit: 0, pageLoad: 300000, script: 30000}, unhandledPromptBehavior: dismiss and notify, webauthn:extension:credBlob: true, webauthn:extension:largeBlob: true, webauthn:virtualAuthenticators: true, webdriver.remote.sessionid: c638ea1174f2dff40a4cd5da50f...}
Session ID: c638ea1174f2dff40a4cd5da50f9d9e159d189c0
	at Unifyed.Unifyed_Engage.MyDrive_Test.loginAdminside(MyDrive_Test.java:22)
</failure>
  </testcase>
  <testcase name="myDriveFileUpload" classname="Unifyed.Unifyed_Engage.MyDrive_Test" time="0">
    <skipped message="Build info: version: &apos;4.10.0&apos;, revision: &apos;c14d967899&apos;&#10;System info: os.name: &apos;Windows 10&apos;, os.arch: &apos;amd64&apos;, os.version: &apos;10.0&apos;, java.version: &apos;11.0.11&apos;&#10;Driver info: org.openqa.selenium.chrome.ChromeDriver&#10;Command: [ab46c66fd055673dad01188e433e5811101b1a05, clickElement {id=node-AE730BE4-7CCF-4AB6-B0D0-02DED23D4D45}]&#10;Capabilities {acceptInsecureCerts: false, browserName: Safari, browserVersion: 13.1.3, optimalHubUrl: hub-aps.browserstack.com, platformName: mac, safari:automaticInspection: false, safari:automaticProfiling: false, safari:diagnose: false, safari:platformBuildVersion: 19H15, safari:platformVersion: 10.15.7, safari:useSimulator: false, setWindowRect: true, strictFileInteractability: false, webdriver.remote.sessionid: ab46c66fd055673dad01188e433..., webkit:WebRTC: {DisableICECandidateFiltering: false, DisableInsecureMediaCapture: false}}&#10;Element: [[ChromeDriver: Safari on mac (ab46c66fd055673dad01188e433e5811101b1a05)] -&gt; xpath: //a[@id=&apos;d714f79a30d7e033&apos;]/span]&#10;Session ID: ab46c66fd055673dad01188e433e5811101b1a05"/>
  </testcase>
  <testcase name="myDriveFileUpload" classname="Unifyed.Unifyed_Engage.MyDrive_Test" time="0">
    <skipped message="Build info: version: &apos;4.10.0&apos;, revision: &apos;c14d967899&apos;&#10;System info: os.name: &apos;Windows 10&apos;, os.arch: &apos;amd64&apos;, os.version: &apos;10.0&apos;, java.version: &apos;11.0.11&apos;&#10;Driver info: org.openqa.selenium.chrome.ChromeDriver&#10;Command: [ab46c66fd055673dad01188e433e5811101b1a05, clickElement {id=node-AE730BE4-7CCF-4AB6-B0D0-02DED23D4D45}]&#10;Capabilities {acceptInsecureCerts: false, browserName: Safari, browserVersion: 13.1.3, optimalHubUrl: hub-aps.browserstack.com, platformName: mac, safari:automaticInspection: false, safari:automaticProfiling: false, safari:diagnose: false, safari:platformBuildVersion: 19H15, safari:platformVersion: 10.15.7, safari:useSimulator: false, setWindowRect: true, strictFileInteractability: false, webdriver.remote.sessionid: ab46c66fd055673dad01188e433..., webkit:WebRTC: {DisableICECandidateFiltering: false, DisableInsecureMediaCapture: false}}&#10;Element: [[ChromeDriver: Safari on mac (ab46c66fd055673dad01188e433e5811101b1a05)] -&gt; xpath: //a[@id=&apos;d714f79a30d7e033&apos;]/span]&#10;Session ID: ab46c66fd055673dad01188e433e5811101b1a05"/>
  </testcase>
  <testcase name="myDriveFileUpload" classname="Unifyed.Unifyed_Engage.MyDrive_Test" time="0.457">
    <failure message="Build info: version: &apos;4.10.0&apos;, revision: &apos;c14d967899&apos;&#10;System info: os.name: &apos;Windows 10&apos;, os.arch: &apos;amd64&apos;, os.version: &apos;10.0&apos;, java.version: &apos;11.0.11&apos;&#10;Driver info: org.openqa.selenium.chrome.ChromeDriver&#10;Command: [ab46c66fd055673dad01188e433e5811101b1a05, clickElement {id=node-AE730BE4-7CCF-4AB6-B0D0-02DED23D4D45}]&#10;Capabilities {acceptInsecureCerts: false, browserName: Safari, browserVersion: 13.1.3, optimalHubUrl: hub-aps.browserstack.com, platformName: mac, safari:automaticInspection: false, safari:automaticProfiling: false, safari:diagnose: false, safari:platformBuildVersion: 19H15, safari:platformVersion: 10.15.7, safari:useSimulator: false, setWindowRect: true, strictFileInteractability: false, webdriver.remote.sessionid: ab46c66fd055673dad01188e433..., webkit:WebRTC: {DisableICECandidateFiltering: false, DisableInsecureMediaCapture: false}}&#10;Element: [[ChromeDriver: Safari on mac (ab46c66fd055673dad01188e433e5811101b1a05)] -&gt; xpath: //a[@id=&apos;d714f79a30d7e033&apos;]/span]&#10;Session ID: ab46c66fd055673dad01188e433e5811101b1a05" type="org.openqa.selenium.ElementNotInteractableException">org.openqa.selenium.ElementNotInteractableException: 
Build info: version: '4.10.0', revision: 'c14d967899'
System info: os.name: 'Windows 10', os.arch: 'amd64', os.version: '10.0', java.version: '11.0.11'
Driver info: org.openqa.selenium.chrome.ChromeDriver
Command: [ab46c66fd055673dad01188e433e5811101b1a05, clickElement {id=node-AE730BE4-7CCF-4AB6-B0D0-02DED23D4D45}]
Capabilities {acceptInsecureCerts: false, browserName: Safari, browserVersion: 13.1.3, optimalHubUrl: hub-aps.browserstack.com, platformName: mac, safari:automaticInspection: false, safari:automaticProfiling: false, safari:diagnose: false, safari:platformBuildVersion: 19H15, safari:platformVersion: 10.15.7, safari:useSimulator: false, setWindowRect: true, strictFileInteractability: false, webdriver.remote.sessionid: ab46c66fd055673dad01188e433..., webkit:WebRTC: {DisableICECandidateFiltering: false, DisableInsecureMediaCapture: false}}
Element: [[ChromeDriver: Safari on mac (ab46c66fd055673dad01188e433e5811101b1a05)] -> xpath: //a[@id='d714f79a30d7e033']/span]
Session ID: ab46c66fd055673dad01188e433e5811101b1a05
	at Unifyed.Unifyed_Engage.MyDrive_Test.myDriveFileUpload(MyDrive_Test.java:29)
</failure>
  </testcase>
  <testcase name="myDriveFileUpload" classname="Unifyed.Unifyed_Engage.MyDrive_Test" time="0">
    <skipped message="Element &lt;span class=&quot;innertitle&quot;&gt; could not be scrolled into view&#10;Build info: version: &apos;4.10.0&apos;, revision: &apos;c14d967899&apos;&#10;System info: os.name: &apos;Windows 10&apos;, os.arch: &apos;amd64&apos;, os.version: &apos;10.0&apos;, java.version: &apos;11.0.11&apos;&#10;Driver info: org.openqa.selenium.chrome.ChromeDriver&#10;Command: [76dbb1d1fb352a4a0bdf2b6b3a9f99ae18dd293b, clickElement {id=eaadb58a-9baf-4ef6-8e16-d3eadce10015}]&#10;Capabilities {acceptInsecureCerts: true, browserName: firefox, browserVersion: 99.0, moz:accessibilityChecks: false, moz:buildID: 20220330194208, moz:geckodriverVersion: 0.31.0, moz:headless: false, moz:processID: 4776, moz:profile: C:\Windows\proxy\rust_mozpr..., moz:shutdownTimeout: 60000, moz:useNonSpecCompliantPointerOrigin: false, moz:webdriverClick: true, optimalHubUrl: hub-aps.browserstack.com, pageLoadStrategy: normal, platformName: windows, platformVersion: 10.0, proxy: Proxy(), setWindowRect: true, strictFileInteractability: false, timeouts: {implicit: 0, pageLoad: 300000, script: 30000}, unhandledPromptBehavior: dismiss and notify, webdriver.remote.sessionid: 76dbb1d1fb352a4a0bdf2b6b3a9...}&#10;Element: [[ChromeDriver: firefox on windows (76dbb1d1fb352a4a0bdf2b6b3a9f99ae18dd293b)] -&gt; xpath: //a[@id=&apos;d714f79a30d7e033&apos;]/span]&#10;Session ID: 76dbb1d1fb352a4a0bdf2b6b3a9f99ae18dd293b"/>
  </testcase>
  <testcase name="myDriveFileUpload" classname="Unifyed.Unifyed_Engage.MyDrive_Test" time="0">
    <skipped message="Element &lt;span class=&quot;innertitle&quot;&gt; could not be scrolled into view&#10;Build info: version: &apos;4.10.0&apos;, revision: &apos;c14d967899&apos;&#10;System info: os.name: &apos;Windows 10&apos;, os.arch: &apos;amd64&apos;, os.version: &apos;10.0&apos;, java.version: &apos;11.0.11&apos;&#10;Driver info: org.openqa.selenium.chrome.ChromeDriver&#10;Command: [76dbb1d1fb352a4a0bdf2b6b3a9f99ae18dd293b, clickElement {id=eaadb58a-9baf-4ef6-8e16-d3eadce10015}]&#10;Capabilities {acceptInsecureCerts: true, browserName: firefox, browserVersion: 99.0, moz:accessibilityChecks: false, moz:buildID: 20220330194208, moz:geckodriverVersion: 0.31.0, moz:headless: false, moz:processID: 4776, moz:profile: C:\Windows\proxy\rust_mozpr..., moz:shutdownTimeout: 60000, moz:useNonSpecCompliantPointerOrigin: false, moz:webdriverClick: true, optimalHubUrl: hub-aps.browserstack.com, pageLoadStrategy: normal, platformName: windows, platformVersion: 10.0, proxy: Proxy(), setWindowRect: true, strictFileInteractability: false, timeouts: {implicit: 0, pageLoad: 300000, script: 30000}, unhandledPromptBehavior: dismiss and notify, webdriver.remote.sessionid: 76dbb1d1fb352a4a0bdf2b6b3a9...}&#10;Element: [[ChromeDriver: firefox on windows (76dbb1d1fb352a4a0bdf2b6b3a9f99ae18dd293b)] -&gt; xpath: //a[@id=&apos;d714f79a30d7e033&apos;]/span]&#10;Session ID: 76dbb1d1fb352a4a0bdf2b6b3a9f99ae18dd293b"/>
  </testcase>
  <testcase name="myDriveFileUpload" classname="Unifyed.Unifyed_Engage.MyDrive_Test" time="3.579">
    <failure message="Element &lt;span class=&quot;innertitle&quot;&gt; could not be scrolled into view&#10;Build info: version: &apos;4.10.0&apos;, revision: &apos;c14d967899&apos;&#10;System info: os.name: &apos;Windows 10&apos;, os.arch: &apos;amd64&apos;, os.version: &apos;10.0&apos;, java.version: &apos;11.0.11&apos;&#10;Driver info: org.openqa.selenium.chrome.ChromeDriver&#10;Command: [76dbb1d1fb352a4a0bdf2b6b3a9f99ae18dd293b, clickElement {id=eaadb58a-9baf-4ef6-8e16-d3eadce10015}]&#10;Capabilities {acceptInsecureCerts: true, browserName: firefox, browserVersion: 99.0, moz:accessibilityChecks: false, moz:buildID: 20220330194208, moz:geckodriverVersion: 0.31.0, moz:headless: false, moz:processID: 4776, moz:profile: C:\Windows\proxy\rust_mozpr..., moz:shutdownTimeout: 60000, moz:useNonSpecCompliantPointerOrigin: false, moz:webdriverClick: true, optimalHubUrl: hub-aps.browserstack.com, pageLoadStrategy: normal, platformName: windows, platformVersion: 10.0, proxy: Proxy(), setWindowRect: true, strictFileInteractability: false, timeouts: {implicit: 0, pageLoad: 300000, script: 30000}, unhandledPromptBehavior: dismiss and notify, webdriver.remote.sessionid: 76dbb1d1fb352a4a0bdf2b6b3a9...}&#10;Element: [[ChromeDriver: firefox on windows (76dbb1d1fb352a4a0bdf2b6b3a9f99ae18dd293b)] -&gt; xpath: //a[@id=&apos;d714f79a30d7e033&apos;]/span]&#10;Session ID: 76dbb1d1fb352a4a0bdf2b6b3a9f99ae18dd293b" type="org.openqa.selenium.ElementNotInteractableException"><![CDATA[org.openqa.selenium.ElementNotInteractableException: 
Element <span class="innertitle"> could not be scrolled into view
Build info: version: '4.10.0', revision: 'c14d967899'
System info: os.name: 'Windows 10', os.arch: 'amd64', os.version: '10.0', java.version: '11.0.11'
Driver info: org.openqa.selenium.chrome.ChromeDriver
Command: [76dbb1d1fb352a4a0bdf2b6b3a9f99ae18dd293b, clickElement {id=eaadb58a-9baf-4ef6-8e16-d3eadce10015}]
Capabilities {acceptInsecureCerts: true, browserName: firefox, browserVersion: 99.0, moz:accessibilityChecks: false, moz:buildID: 20220330194208, moz:geckodriverVersion: 0.31.0, moz:headless: false, moz:processID: 4776, moz:profile: C:\Windows\proxy\rust_mozpr..., moz:shutdownTimeout: 60000, moz:useNonSpecCompliantPointerOrigin: false, moz:webdriverClick: true, optimalHubUrl: hub-aps.browserstack.com, pageLoadStrategy: normal, platformName: windows, platformVersion: 10.0, proxy: Proxy(), setWindowRect: true, strictFileInteractability: false, timeouts: {implicit: 0, pageLoad: 300000, script: 30000}, unhandledPromptBehavior: dismiss and notify, webdriver.remote.sessionid: 76dbb1d1fb352a4a0bdf2b6b3a9...}
Element: [[ChromeDriver: firefox on windows (76dbb1d1fb352a4a0bdf2b6b3a9f99ae18dd293b)] -> xpath: //a[@id='d714f79a30d7e033']/span]
Session ID: 76dbb1d1fb352a4a0bdf2b6b3a9f99ae18dd293b
	at Unifyed.Unifyed_Engage.MyDrive_Test.myDriveFileUpload(MyDrive_Test.java:29)
]]></failure>
  </testcase>
  <testcase name="myDriveFileUpload" classname="Unifyed.Unifyed_Engage.MyDrive_Test" time="0">
    <skipped message="element not interactable&#10;  (Session info: chrome=103.0.5060.114)&#10;Build info: version: &apos;4.10.0&apos;, revision: &apos;c14d967899&apos;&#10;System info: os.name: &apos;Windows 10&apos;, os.arch: &apos;amd64&apos;, os.version: &apos;10.0&apos;, java.version: &apos;11.0.11&apos;&#10;Driver info: org.openqa.selenium.chrome.ChromeDriver&#10;Command: [c638ea1174f2dff40a4cd5da50f9d9e159d189c0, clickElement {id=e5664e27-a79e-46f8-98f4-45f54c0686d7}]&#10;Capabilities {acceptInsecureCerts: true, browserName: chrome, browserVersion: 103.0.5060.114, chrome: {chromedriverVersion: 103.0.5060.24 (e47b049c438c..., userDataDir: C:\Windows\proxy\scoped_dir...}, goog:chromeOptions: {debuggerAddress: localhost:9222}, networkConnectionEnabled: false, optimalHubUrl: hub-aps.browserstack.com, pageLoadStrategy: normal, platformName: windows, proxy: Proxy(), setWindowRect: true, strictFileInteractability: false, timeouts: {implicit: 0, pageLoad: 300000, script: 30000}, unhandledPromptBehavior: dismiss and notify, webauthn:extension:credBlob: true, webauthn:extension:largeBlob: true, webauthn:virtualAuthenticators: true, webdriver.remote.sessionid: c638ea1174f2dff40a4cd5da50f...}&#10;Element: [[ChromeDriver: chrome on windows (c638ea1174f2dff40a4cd5da50f9d9e159d189c0)] -&gt; xpath: //div[@id=&apos;newFile&apos;]//div[@class=&apos;modal-header&apos;]/button]&#10;Session ID: c638ea1174f2dff40a4cd5da50f9d9e159d189c0"/>
    <system-err><![CDATA[Jan 11, 2024 10:00:48 AM okhttp3.internal.platform.Platform log
WARNING: A connection to https://hub-aps.browserstack.com/ was leaked. Did you forget to close a response body? To see where this was allocated, set the OkHttpClient logger level to FINE: Logger.getLogger(OkHttpClient.class.getName()).setLevel(Level.FINE);
Jan 11, 2024 10:00:49 AM okhttp3.internal.platform.Platform log
WARNING: A connection to https://hub-euw.browserstack.com/ was leaked. Did you forget to close a response body? To see where this was allocated, set the OkHttpClient logger level to FINE: Logger.getLogger(OkHttpClient.class.getName()).setLevel(Level.FINE);
Jan 11, 2024 10:00:51 AM okhttp3.internal.platform.Platform log
WARNING: A connection to https://hub-apse.browserstack.com/ was leaked. Did you forget to close a response body? To see where this was allocated, set the OkHttpClient logger level to FINE: Logger.getLogger(OkHttpClient.class.getName()).setLevel(Level.FINE);
]]></system-err>
  </testcase>
  <testcase name="myDriveFileUpload" classname="Unifyed.Unifyed_Engage.MyDrive_Test" time="0">
    <skipped message="element click intercepted: Element &lt;span class=&quot;innertitle&quot;&gt;...&lt;/span&gt; is not clickable at point (134, 432). Other element would receive the click: &lt;div id=&quot;newFile&quot; class=&quot;modal fade u8PopupBg in&quot; role=&quot;newFile&quot; style=&quot;display: block;&quot;&gt;...&lt;/div&gt;&#10;  (Session info: chrome=103.0.5060.114)&#10;Build info: version: &apos;4.10.0&apos;, revision: &apos;c14d967899&apos;&#10;System info: os.name: &apos;Windows 10&apos;, os.arch: &apos;amd64&apos;, os.version: &apos;10.0&apos;, java.version: &apos;11.0.11&apos;&#10;Driver info: org.openqa.selenium.chrome.ChromeDriver&#10;Command: [c638ea1174f2dff40a4cd5da50f9d9e159d189c0, clickElement {id=3c4a9286-069d-492e-9821-df7a1e40ebe5}]&#10;Capabilities {acceptInsecureCerts: true, browserName: chrome, browserVersion: 103.0.5060.114, chrome: {chromedriverVersion: 103.0.5060.24 (e47b049c438c..., userDataDir: C:\Windows\proxy\scoped_dir...}, goog:chromeOptions: {debuggerAddress: localhost:9222}, networkConnectionEnabled: false, optimalHubUrl: hub-aps.browserstack.com, pageLoadStrategy: normal, platformName: windows, proxy: Proxy(), setWindowRect: true, strictFileInteractability: false, timeouts: {implicit: 0, pageLoad: 300000, script: 30000}, unhandledPromptBehavior: dismiss and notify, webauthn:extension:credBlob: true, webauthn:extension:largeBlob: true, webauthn:virtualAuthenticators: true, webdriver.remote.sessionid: c638ea1174f2dff40a4cd5da50f...}&#10;Element: [[ChromeDriver: chrome on windows (c638ea1174f2dff40a4cd5da50f9d9e159d189c0)] -&gt; xpath: //a[@id=&apos;d714f79a30d7e033&apos;]/span]&#10;Session ID: c638ea1174f2dff40a4cd5da50f9d9e159d189c0"/>
  </testcase>
  <testcase name="myDriveFileUpload" classname="Unifyed.Unifyed_Engage.MyDrive_Test" time="4.811">
    <failure message="element click intercepted: Element &lt;span class=&quot;innertitle&quot;&gt;...&lt;/span&gt; is not clickable at point (134, 432). Other element would receive the click: &lt;div id=&quot;newFile&quot; class=&quot;modal fade u8PopupBg in&quot; role=&quot;newFile&quot; style=&quot;display: block;&quot;&gt;...&lt;/div&gt;&#10;  (Session info: chrome=103.0.5060.114)&#10;Build info: version: &apos;4.10.0&apos;, revision: &apos;c14d967899&apos;&#10;System info: os.name: &apos;Windows 10&apos;, os.arch: &apos;amd64&apos;, os.version: &apos;10.0&apos;, java.version: &apos;11.0.11&apos;&#10;Driver info: org.openqa.selenium.chrome.ChromeDriver&#10;Command: [c638ea1174f2dff40a4cd5da50f9d9e159d189c0, clickElement {id=3c4a9286-069d-492e-9821-df7a1e40ebe5}]&#10;Capabilities {acceptInsecureCerts: true, browserName: chrome, browserVersion: 103.0.5060.114, chrome: {chromedriverVersion: 103.0.5060.24 (e47b049c438c..., userDataDir: C:\Windows\proxy\scoped_dir...}, goog:chromeOptions: {debuggerAddress: localhost:9222}, networkConnectionEnabled: false, optimalHubUrl: hub-aps.browserstack.com, pageLoadStrategy: normal, platformName: windows, proxy: Proxy(), setWindowRect: true, strictFileInteractability: false, timeouts: {implicit: 0, pageLoad: 300000, script: 30000}, unhandledPromptBehavior: dismiss and notify, webauthn:extension:credBlob: true, webauthn:extension:largeBlob: true, webauthn:virtualAuthenticators: true, webdriver.remote.sessionid: c638ea1174f2dff40a4cd5da50f...}&#10;Element: [[ChromeDriver: chrome on windows (c638ea1174f2dff40a4cd5da50f9d9e159d189c0)] -&gt; xpath: //a[@id=&apos;d714f79a30d7e033&apos;]/span]&#10;Session ID: c638ea1174f2dff40a4cd5da50f9d9e159d189c0" type="org.openqa.selenium.ElementClickInterceptedException"><![CDATA[org.openqa.selenium.ElementClickInterceptedException: 
element click intercepted: Element <span class="innertitle">...</span> is not clickable at point (134, 432). Other element would receive the click: <div id="newFile" class="modal fade u8PopupBg in" role="newFile" style="display: block;">...</div>
  (Session info: chrome=103.0.5060.114)
Build info: version: '4.10.0', revision: 'c14d967899'
System info: os.name: 'Windows 10', os.arch: 'amd64', os.version: '10.0', java.version: '11.0.11'
Driver info: org.openqa.selenium.chrome.ChromeDriver
Command: [c638ea1174f2dff40a4cd5da50f9d9e159d189c0, clickElement {id=3c4a9286-069d-492e-9821-df7a1e40ebe5}]
Capabilities {acceptInsecureCerts: true, browserName: chrome, browserVersion: 103.0.5060.114, chrome: {chromedriverVersion: 103.0.5060.24 (e47b049c438c..., userDataDir: C:\Windows\proxy\scoped_dir...}, goog:chromeOptions: {debuggerAddress: localhost:9222}, networkConnectionEnabled: false, optimalHubUrl: hub-aps.browserstack.com, pageLoadStrategy: normal, platformName: windows, proxy: Proxy(), setWindowRect: true, strictFileInteractability: false, timeouts: {implicit: 0, pageLoad: 300000, script: 30000}, unhandledPromptBehavior: dismiss and notify, webauthn:extension:credBlob: true, webauthn:extension:largeBlob: true, webauthn:virtualAuthenticators: true, webdriver.remote.sessionid: c638ea1174f2dff40a4cd5da50f...}
Element: [[ChromeDriver: chrome on windows (c638ea1174f2dff40a4cd5da50f9d9e159d189c0)] -> xpath: //a[@id='d714f79a30d7e033']/span]
Session ID: c638ea1174f2dff40a4cd5da50f9d9e159d189c0
	at Unifyed.Unifyed_Engage.MyDrive_Test.myDriveFileUpload(MyDrive_Test.java:29)
]]></failure>
  </testcase>
</testsuite>