<?xml version="1.0" encoding="UTF-8"?>
<testng-results ignored="0" total="1" passed="1" failed="0" skipped="0">
  <reporter-output>
  </reporter-output>
  <suite started-at="2025-03-20T19:48:12 IST" name="LoginLogoutSuite" finished-at="2025-03-20T19:49:17 IST" duration-ms="65295">
    <groups>
    </groups>
    <test started-at="2025-03-20T19:48:12 IST" name="CategoryTest" finished-at="2025-03-20T19:49:17 IST" duration-ms="65295">
      <class name="Unifyed.Unifyed_Engage.LoginLogoutTest">
        <test-method is-config="true" signature="launchAppMethod()[pri:0, instance:Unifyed.Unifyed_Engage.LoginLogoutTest@2f01783a]" started-at="2025-03-20T19:48:12 IST" name="launchAppMethod" finished-at="2025-03-20T19:48:25 IST" duration-ms="12536" status="PASS">
          <reporter-output>
          </reporter-output>
        </test-method> <!-- launchAppMethod -->
        <test-method signature="LoginLogoutMethod(java.lang.String,java.lang.String)[pri:1, instance:Unifyed.Unifyed_Engage.LoginLogoutTest@2f01783a]" started-at="2025-03-20T19:48:25 IST" name="LoginLogoutMethod" data-provider="LoginTest" finished-at="2025-03-20T19:49:17 IST" duration-ms="51551" status="PASS">
          <params>
            <param index="0">
              <value>
                <![CDATA[philip_parker@unifyedqa.edu]]>
              </value>
            </param>
            <param index="1">
              <value>
                <![CDATA[Admin@2008]]>
              </value>
            </param>
          </params>
          <reporter-output>
          </reporter-output>
        </test-method> <!-- LoginLogoutMethod -->
        <test-method is-config="true" signature="driveClose()[pri:0, instance:Unifyed.Unifyed_Engage.LoginLogoutTest@2f01783a]" started-at="2025-03-20T19:49:17 IST" name="driveClose" finished-at="2025-03-20T19:49:17 IST" duration-ms="436" status="PASS">
          <reporter-output>
          </reporter-output>
        </test-method> <!-- driveClose -->
      </class> <!-- Unifyed.Unifyed_Engage.LoginLogoutTest -->
    </test> <!-- CategoryTest -->
  </suite> <!-- LoginLogoutSuite -->
</testng-results>
