<?xml version="1.0" encoding="UTF-8"?>
<testng-results ignored="0" total="1" passed="1" failed="0" skipped="0">
  <reporter-output>
  </reporter-output>
  <suite started-at="2025-03-20T19:49:58 IST" name="LoginLogoutSuite" finished-at="2025-03-20T19:51:04 IST" duration-ms="66059">
    <groups>
    </groups>
    <test started-at="2025-03-20T19:49:58 IST" name="CategoryTest" finished-at="2025-03-20T19:51:04 IST" duration-ms="66059">
      <class name="Unifyed.Unifyed_Engage.LoginLogoutTest">
        <test-method is-config="true" signature="launchAppMethod()[pri:0, instance:Unifyed.Unifyed_Engage.LoginLogoutTest@2c5529ab]" started-at="2025-03-20T19:49:58 IST" name="launchAppMethod" finished-at="2025-03-20T19:50:13 IST" duration-ms="15429" status="PASS">
          <reporter-output>
          </reporter-output>
        </test-method> <!-- launchAppMethod -->
        <test-method signature="LoginLogoutMethod(java.lang.String,java.lang.String)[pri:1, instance:Unifyed.Unifyed_Engage.LoginLogoutTest@2c5529ab]" started-at="2025-03-20T19:50:14 IST" name="LoginLogoutMethod" data-provider="LoginTest" finished-at="2025-03-20T19:51:03 IST" duration-ms="48578" status="PASS">
          <params>
            <param index="0">
              <value>
                <![CDATA[philip_parker@unifyedqa.edu]]>
              </value>
            </param>
            <param index="1">
              <value>
                <![CDATA[Admin@2008]]>
              </value>
            </param>
          </params>
          <reporter-output>
          </reporter-output>
        </test-method> <!-- LoginLogoutMethod -->
        <test-method is-config="true" signature="driveClose()[pri:0, instance:Unifyed.Unifyed_Engage.LoginLogoutTest@2c5529ab]" started-at="2025-03-20T19:51:03 IST" name="driveClose" finished-at="2025-03-20T19:51:04 IST" duration-ms="903" status="PASS">
          <reporter-output>
          </reporter-output>
        </test-method> <!-- driveClose -->
      </class> <!-- Unifyed.Unifyed_Engage.LoginLogoutTest -->
    </test> <!-- CategoryTest -->
  </suite> <!-- LoginLogoutSuite -->
</testng-results>
